[2016-03-20T20:35:41+01:00] [tx56ef099daa788] Requested POST on /user
[2016-03-20T20:35:41+01:00] [tx56ef099daa788] Invoking GPG: /usr/bin/gpg --home /home/allan/devl/pwman/api/data/gpghome --batch  --no-tty --list-sigs
[2016-03-20T20:35:41+01:00] [tx56ef099daa788] Creating user with username: a
[2016-03-20T20:35:41+01:00] [tx56ef099daa788] Invoking GPG: /usr/bin/gpg --home /home/allan/devl/pwman/api/data/gpghome --batch  --no-tty --list-sigs
[2016-03-20T20:35:41+01:00] [tx56ef099daa788] Invoking GPG: /usr/bin/gpg --home /home/allan/devl/pwman/api/data/gpghome --batch  --no-tty --gen-key
[2016-03-20T20:35:44+01:00] [tx56ef09a00a21f] Requested POST on /authenticate
[2016-03-20T20:35:44+01:00] [tx56ef09a00a21f] Invoking GPG: /usr/bin/gpg --home /home/allan/devl/pwman/api/data/gpghome --batch  --no-tty --list-sigs
[2016-03-20T20:35:44+01:00] [tx56ef09a00a21f] Encrypting secret for 'a' signed by 'a'
[2016-03-20T20:35:44+01:00] [tx56ef09a00a21f] Invoking GPG: /usr/bin/gpg --home /home/allan/devl/pwman/api/data/gpghome --batch --passphrase-fd 3 --no-tty --default-key a --encrypt --armor --sign --recipient a 
[2016-03-20T20:35:44+01:00] [tx56ef09a00a21f] Invoking GPG: /usr/bin/gpg --home /home/allan/devl/pwman/api/data/gpghome --batch  --no-tty --list-sigs
[2016-03-20T20:35:44+01:00] [tx56ef09a00a21f] Creating user with username: system
[2016-03-20T20:35:44+01:00] [tx56ef09a00a21f] Invoking GPG: /usr/bin/gpg --home /home/allan/devl/pwman/api/data/gpghome --batch  --no-tty --list-sigs
[2016-03-20T20:35:44+01:00] [tx56ef09a00a21f] Invoking GPG: /usr/bin/gpg --home /home/allan/devl/pwman/api/data/gpghome --batch  --no-tty --gen-key
[2016-03-20T20:35:44+01:00] [tx56ef09a00a21f] Encrypting secret for 'system' signed by 'a'
[2016-03-20T20:35:44+01:00] [tx56ef09a00a21f] Invoking GPG: /usr/bin/gpg --home /home/allan/devl/pwman/api/data/gpghome --batch --passphrase-fd 3 --no-tty --default-key a --encrypt  --sign --recipient system 
[2016-03-20T20:35:45+01:00] [tx56ef09a111246] Requested POST on /authenticate
[2016-03-20T20:35:45+01:00] [tx56ef09a111246] Invoking GPG: /usr/bin/gpg --home /home/allan/devl/pwman/api/data/gpghome --batch  --no-tty --list-sigs
[2016-03-20T20:35:45+01:00] [tx56ef09a111246] Encrypting secret for 'a' signed by 'a'
[2016-03-20T20:35:45+01:00] [tx56ef09a111246] Invoking GPG: /usr/bin/gpg --home /home/allan/devl/pwman/api/data/gpghome --batch --passphrase-fd 3 --no-tty --default-key a --encrypt --armor --sign --recipient a 
[2016-03-20T20:35:45+01:00] [tx56ef09a111246] Invoking GPG: /usr/bin/gpg --home /home/allan/devl/pwman/api/data/gpghome --batch  --no-tty --list-sigs
[2016-03-20T20:35:45+01:00] [tx56ef09a111246] Encrypting secret for 'system' signed by 'a'
[2016-03-20T20:35:45+01:00] [tx56ef09a111246] Invoking GPG: /usr/bin/gpg --home /home/allan/devl/pwman/api/data/gpghome --batch --passphrase-fd 3 --no-tty --default-key a --encrypt  --sign --recipient system 
[2016-03-20T20:35:45+01:00] [tx56ef09a188797] Requested POST on /authenticate
[2016-03-20T20:35:45+01:00] [tx56ef09a188797] Invoking GPG: /usr/bin/gpg --home /home/allan/devl/pwman/api/data/gpghome --batch  --no-tty --list-sigs
[2016-03-20T20:35:45+01:00] [tx56ef09a188797] Encrypting secret for 'a' signed by 'a'
[2016-03-20T20:35:45+01:00] [tx56ef09a188797] Invoking GPG: /usr/bin/gpg --home /home/allan/devl/pwman/api/data/gpghome --batch --passphrase-fd 3 --no-tty --default-key a --encrypt --armor --sign --recipient a 
[2016-03-20T20:35:45+01:00] [tx56ef09a188797] Invoking GPG: /usr/bin/gpg --home /home/allan/devl/pwman/api/data/gpghome --batch  --no-tty --list-sigs
[2016-03-20T20:35:45+01:00] [tx56ef09a188797] Encrypting secret for 'system' signed by 'a'
[2016-03-20T20:35:45+01:00] [tx56ef09a188797] Invoking GPG: /usr/bin/gpg --home /home/allan/devl/pwman/api/data/gpghome --batch --passphrase-fd 3 --no-tty --default-key a --encrypt  --sign --recipient system 
[2016-03-20T20:35:58+01:00] [tx56ef09aebe337] Requested POST on /user
[2016-03-20T20:35:58+01:00] [tx56ef09aebe337] Invoking GPG: /usr/bin/gpg --home /home/allan/devl/pwman/api/data/gpghome --batch  --no-tty --list-sigs
[2016-03-20T20:35:58+01:00] [tx56ef09aebe337] Creating user with username: b
[2016-03-20T20:35:58+01:00] [tx56ef09aebe337] Invoking GPG: /usr/bin/gpg --home /home/allan/devl/pwman/api/data/gpghome --batch  --no-tty --list-sigs
[2016-03-20T20:35:58+01:00] [tx56ef09aebe337] Invoking GPG: /usr/bin/gpg --home /home/allan/devl/pwman/api/data/gpghome --batch  --no-tty --gen-key
[2016-03-20T20:36:04+01:00] [tx56ef09b47832d] Requested POST on /authenticate
[2016-03-20T20:36:04+01:00] [tx56ef09b47832d] Invoking GPG: /usr/bin/gpg --home /home/allan/devl/pwman/api/data/gpghome --batch  --no-tty --list-sigs
[2016-03-20T20:36:04+01:00] [tx56ef09b47832d] Encrypting secret for 'b' signed by 'b'
[2016-03-20T20:36:04+01:00] [tx56ef09b47832d] Invoking GPG: /usr/bin/gpg --home /home/allan/devl/pwman/api/data/gpghome --batch --passphrase-fd 3 --no-tty --default-key b --encrypt --armor --sign --recipient b 
[2016-03-20T20:36:04+01:00] [tx56ef09b47832d] Invoking GPG: /usr/bin/gpg --home /home/allan/devl/pwman/api/data/gpghome --batch  --no-tty --list-sigs
[2016-03-20T20:36:04+01:00] [tx56ef09b47832d] Encrypting secret for 'system' signed by 'b'
[2016-03-20T20:36:04+01:00] [tx56ef09b47832d] Invoking GPG: /usr/bin/gpg --home /home/allan/devl/pwman/api/data/gpghome --batch --passphrase-fd 3 --no-tty --default-key b --encrypt  --sign --recipient system 
[2016-03-20T20:36:18+01:00] [tx56ef09c23e8e3] Requested POST on /authenticate
[2016-03-20T20:36:18+01:00] [tx56ef09c23e8e3] Invoking GPG: /usr/bin/gpg --home /home/allan/devl/pwman/api/data/gpghome --batch  --no-tty --list-sigs
[2016-03-20T20:36:18+01:00] [tx56ef09c23e8e3] Encrypting secret for 'b' signed by 'b'
[2016-03-20T20:36:18+01:00] [tx56ef09c23e8e3] Invoking GPG: /usr/bin/gpg --home /home/allan/devl/pwman/api/data/gpghome --batch --passphrase-fd 3 --no-tty --default-key b --encrypt --armor --sign --recipient b 
[2016-03-20T20:36:18+01:00] [tx56ef09c23e8e3] Invoking GPG: /usr/bin/gpg --home /home/allan/devl/pwman/api/data/gpghome --batch  --no-tty --list-sigs
[2016-03-20T20:36:18+01:00] [tx56ef09c23e8e3] Encrypting secret for 'system' signed by 'b'
[2016-03-20T20:36:18+01:00] [tx56ef09c23e8e3] Invoking GPG: /usr/bin/gpg --home /home/allan/devl/pwman/api/data/gpghome --batch --passphrase-fd 3 --no-tty --default-key b --encrypt  --sign --recipient system 
[2016-03-20T20:36:33+01:00] [tx56ef09d1f368b] Requested POST on /authenticate
[2016-03-20T20:36:33+01:00] [tx56ef09d1f368b] Invoking GPG: /usr/bin/gpg --home /home/allan/devl/pwman/api/data/gpghome --batch  --no-tty --list-sigs
[2016-03-20T20:36:33+01:00] [tx56ef09d1f368b] Encrypting secret for 'a' signed by 'a'
[2016-03-20T20:36:33+01:00] [tx56ef09d1f368b] Invoking GPG: /usr/bin/gpg --home /home/allan/devl/pwman/api/data/gpghome --batch --passphrase-fd 3 --no-tty --default-key a --encrypt --armor --sign --recipient a 
[2016-03-20T20:36:34+01:00] [tx56ef09d1f368b] Invoking GPG: /usr/bin/gpg --home /home/allan/devl/pwman/api/data/gpghome --batch  --no-tty --list-sigs
[2016-03-20T20:36:34+01:00] [tx56ef09d1f368b] Encrypting secret for 'system' signed by 'a'
[2016-03-20T20:36:34+01:00] [tx56ef09d1f368b] Invoking GPG: /usr/bin/gpg --home /home/allan/devl/pwman/api/data/gpghome --batch --passphrase-fd 3 --no-tty --default-key a --encrypt  --sign --recipient system 
[2016-03-20T20:36:43+01:00] [tx56ef09dbc95bf] Requested GET on /user
[2016-03-20T20:36:43+01:00] [tx56ef09dbc95bf] Invoking GPG: /usr/bin/gpg --home /home/allan/devl/pwman/api/data/gpghome --batch  --no-tty --default-key system --decrypt
[2016-03-20T20:36:43+01:00] [tx56ef09dbc95bf] Invoking GPG: /usr/bin/gpg --home /home/allan/devl/pwman/api/data/gpghome --batch  --no-tty --list-sigs
[2016-03-20T20:37:32+01:00] [tx56ef0a0ca5bca] Requested GET on /user
[2016-03-20T20:37:32+01:00] [tx56ef0a0ca5bca] Invoking GPG: /usr/bin/gpg --home /home/allan/devl/pwman/api/data/gpghome --batch  --no-tty --default-key system --decrypt
[2016-03-20T20:37:32+01:00] [tx56ef0a0ca5bca] Invoking GPG: /usr/bin/gpg --home /home/allan/devl/pwman/api/data/gpghome --batch  --no-tty --list-sigs
[2016-03-20T20:37:48+01:00] [tx56ef0a1cae4d5] Requested GET on /secret
[2016-03-20T20:37:48+01:00] [tx56ef0a1cae4d5] Invoking GPG: /usr/bin/gpg --home /home/allan/devl/pwman/api/data/gpghome --batch  --no-tty --default-key system --decrypt
[2016-03-20T20:37:57+01:00] [tx56ef0a2561db2] Requested GET on /secret
[2016-03-20T20:37:57+01:00] [tx56ef0a2561db2] Invoking GPG: /usr/bin/gpg --home /home/allan/devl/pwman/api/data/gpghome --batch  --no-tty --default-key system --decrypt
[2016-03-20T20:38:10+01:00] [tx56ef0a32dcd2c] Requested POST on /secret
[2016-03-20T20:38:10+01:00] [tx56ef0a32dcd2c] Invoking GPG: /usr/bin/gpg --home /home/allan/devl/pwman/api/data/gpghome --batch  --no-tty --default-key system --decrypt
[2016-03-20T20:38:10+01:00] [tx56ef0a32dcd2c] Encrypting secret for 'b' signed by 'a'
[2016-03-20T20:38:10+01:00] [tx56ef0a32dcd2c] Invoking GPG: /usr/bin/gpg --home /home/allan/devl/pwman/api/data/gpghome --batch --passphrase-fd 3 --no-tty --default-key a --encrypt --armor --sign --recipient a --recipient b 
[2016-03-20T20:38:15+01:00] [tx56ef0a37d9da3] Requested POST on /secret
[2016-03-20T20:38:15+01:00] [tx56ef0a37d9da3] Invoking GPG: /usr/bin/gpg --home /home/allan/devl/pwman/api/data/gpghome --batch  --no-tty --default-key system --decrypt
[2016-03-20T20:38:15+01:00] [tx56ef0a37d9da3] Encrypting secret for 'a' signed by 'a'
[2016-03-20T20:38:15+01:00] [tx56ef0a37d9da3] Invoking GPG: /usr/bin/gpg --home /home/allan/devl/pwman/api/data/gpghome --batch --passphrase-fd 3 --no-tty --default-key a --encrypt --armor --sign --recipient a 
[2016-03-20T20:38:19+01:00] [tx56ef0a3b05db1] Requested GET on /secret
[2016-03-20T20:38:19+01:00] [tx56ef0a3b05db1] Invoking GPG: /usr/bin/gpg --home /home/allan/devl/pwman/api/data/gpghome --batch  --no-tty --default-key system --decrypt
[2016-03-20T20:38:19+01:00] [tx56ef0a3b05db1] Invoking GPG: /usr/bin/gpg --home /home/allan/devl/pwman/api/data/gpghome --batch  --no-tty -vv --list-packets
[2016-03-20T20:38:19+01:00] [tx56ef0a3b05db1] Invoking GPG: /usr/bin/gpg --home /home/allan/devl/pwman/api/data/gpghome --batch --passphrase-fd 3 --no-tty --default-key a --decrypt
[2016-03-20T20:38:19+01:00] [tx56ef0a3b05db1] Invoking GPG: /usr/bin/gpg --home /home/allan/devl/pwman/api/data/gpghome --batch  --no-tty -vv --list-packets
[2016-03-20T20:38:19+01:00] [tx56ef0a3b05db1] Invoking GPG: /usr/bin/gpg --home /home/allan/devl/pwman/api/data/gpghome --batch --passphrase-fd 3 --no-tty --default-key a --decrypt
[2016-03-20T20:38:19+01:00] [tx56ef0a3b05db1] exception 'Exception' with message 'Error 8: /home/allan/devl/pwman/api/gpg.inc.php:219
Undefined index: title' in /home/allan/devl/pwman/api/errorhandling.inc.php:32
Stack trace:
#0 /home/allan/devl/pwman/api/gpg.inc.php(219): errorHandler
#1 /home/allan/devl/pwman/api/index.php(117): gpgListAllSecretFiles

[2016-03-20T20:40:02+01:00] [tx56ef0aa300a8a] Requested GET on /secret
[2016-03-20T20:40:02+01:00] [tx56ef0aa300a8a] Invoking GPG: /usr/bin/gpg --home /home/allan/devl/pwman/api/data/gpghome --batch  --no-tty --default-key system --decrypt
[2016-03-20T20:40:03+01:00] [tx56ef0aa300a8a] Invoking GPG: /usr/bin/gpg --home /home/allan/devl/pwman/api/data/gpghome --batch  --no-tty -vv --list-packets
[2016-03-20T20:40:03+01:00] [tx56ef0aa300a8a] Invoking GPG: /usr/bin/gpg --home /home/allan/devl/pwman/api/data/gpghome --batch --passphrase-fd 3 --no-tty --default-key a --decrypt
[2016-03-20T20:40:03+01:00] [tx56ef0aa300a8a] Invoking GPG: /usr/bin/gpg --home /home/allan/devl/pwman/api/data/gpghome --batch  --no-tty -vv --list-packets
[2016-03-20T20:40:03+01:00] [tx56ef0aa300a8a] Invoking GPG: /usr/bin/gpg --home /home/allan/devl/pwman/api/data/gpghome --batch --passphrase-fd 3 --no-tty --default-key a --decrypt
[2016-03-20T20:41:33+01:00] [tx56ef0afd64bc4] Requested GET on /secret
[2016-03-20T20:41:33+01:00] [tx56ef0afd64bc4] Invoking GPG: /usr/bin/gpg --home /home/allan/devl/pwman/api/data/gpghome --batch  --no-tty --default-key system --decrypt
[2016-03-20T20:41:33+01:00] [tx56ef0afd64bc4] Invoking GPG: /usr/bin/gpg --home /home/allan/devl/pwman/api/data/gpghome --batch  --no-tty -vv --list-packets
[2016-03-20T20:41:33+01:00] [tx56ef0afd64bc4] Invoking GPG: /usr/bin/gpg --home /home/allan/devl/pwman/api/data/gpghome --batch --passphrase-fd 3 --no-tty --default-key a --decrypt
[2016-03-20T20:41:33+01:00] [tx56ef0afd64bc4] Invoking GPG: /usr/bin/gpg --home /home/allan/devl/pwman/api/data/gpghome --batch  --no-tty -vv --list-packets
[2016-03-20T20:41:33+01:00] [tx56ef0afd64bc4] Invoking GPG: /usr/bin/gpg --home /home/allan/devl/pwman/api/data/gpghome --batch --passphrase-fd 3 --no-tty --default-key a --decrypt
[2016-03-20T20:41:57+01:00] [tx56ef0b15d30de] Requested GET on /secret
[2016-03-20T20:41:57+01:00] [tx56ef0b15d30de] Invoking GPG: /usr/bin/gpg --home /home/allan/devl/pwman/api/data/gpghome --batch  --no-tty --default-key system --decrypt
[2016-03-20T20:41:57+01:00] [tx56ef0b15d30de] Invoking GPG: /usr/bin/gpg --home /home/allan/devl/pwman/api/data/gpghome --batch  --no-tty -vv --list-packets
[2016-03-20T20:41:57+01:00] [tx56ef0b15d30de] Invoking GPG: /usr/bin/gpg --home /home/allan/devl/pwman/api/data/gpghome --batch --passphrase-fd 3 --no-tty --default-key a --decrypt
[2016-03-20T20:41:57+01:00] [tx56ef0b15d30de] Invoking GPG: /usr/bin/gpg --home /home/allan/devl/pwman/api/data/gpghome --batch  --no-tty -vv --list-packets
[2016-03-20T20:41:57+01:00] [tx56ef0b15d30de] Invoking GPG: /usr/bin/gpg --home /home/allan/devl/pwman/api/data/gpghome --batch --passphrase-fd 3 --no-tty --default-key a --decrypt
[2016-03-20T20:42:07+01:00] [tx56ef0b1f3b90e] Requested GET on /secret/56ef0a32e650e
[2016-03-20T20:42:07+01:00] [tx56ef0b1f3b90e] Invoking GPG: /usr/bin/gpg --home /home/allan/devl/pwman/api/data/gpghome --batch  --no-tty --default-key system --decrypt
[2016-03-20T20:42:13+01:00] [tx56ef0b25738ec] Requested GET on /secret/56ef0a32e650e
[2016-03-20T20:42:13+01:00] [tx56ef0b25738ec] Invoking GPG: /usr/bin/gpg --home /home/allan/devl/pwman/api/data/gpghome --batch  --no-tty --default-key system --decrypt
[2016-03-20T20:42:13+01:00] [tx56ef0b25738ec] Invoking GPG: /usr/bin/gpg --home /home/allan/devl/pwman/api/data/gpghome --batch  --no-tty -vv --list-packets
[2016-03-20T20:42:13+01:00] [tx56ef0b25738ec] Invoking GPG: /usr/bin/gpg --home /home/allan/devl/pwman/api/data/gpghome --batch --passphrase-fd 3 --no-tty --default-key a --decrypt
[2016-03-20T20:42:52+01:00] [tx56ef0b4c462e6] Requested POST on /secret
[2016-03-20T20:42:52+01:00] [tx56ef0b4c462e6] Invoking GPG: /usr/bin/gpg --home /home/allan/devl/pwman/api/data/gpghome --batch  --no-tty --default-key system --decrypt
[2016-03-20T20:42:52+01:00] [tx56ef0b4c462e6] Encrypting secret for 'b' signed by 'a'
[2016-03-20T20:42:52+01:00] [tx56ef0b4c462e6] Invoking GPG: /usr/bin/gpg --home /home/allan/devl/pwman/api/data/gpghome --batch --passphrase-fd 3 --no-tty --default-key a --encrypt --armor --sign --recipient a --recipient b 
[2016-03-20T20:42:54+01:00] [tx56ef0b4eb34e7] Requested GET on /secret
[2016-03-20T20:42:54+01:00] [tx56ef0b4eb34e7] Invoking GPG: /usr/bin/gpg --home /home/allan/devl/pwman/api/data/gpghome --batch  --no-tty --default-key system --decrypt
[2016-03-20T20:42:54+01:00] [tx56ef0b4eb34e7] Invoking GPG: /usr/bin/gpg --home /home/allan/devl/pwman/api/data/gpghome --batch  --no-tty -vv --list-packets
[2016-03-20T20:42:54+01:00] [tx56ef0b4eb34e7] Invoking GPG: /usr/bin/gpg --home /home/allan/devl/pwman/api/data/gpghome --batch --passphrase-fd 3 --no-tty --default-key a --decrypt
[2016-03-20T20:42:54+01:00] [tx56ef0b4eb34e7] Invoking GPG: /usr/bin/gpg --home /home/allan/devl/pwman/api/data/gpghome --batch  --no-tty -vv --list-packets
[2016-03-20T20:42:54+01:00] [tx56ef0b4eb34e7] Invoking GPG: /usr/bin/gpg --home /home/allan/devl/pwman/api/data/gpghome --batch --passphrase-fd 3 --no-tty --default-key a --decrypt
[2016-03-20T20:42:54+01:00] [tx56ef0b4eb34e7] Invoking GPG: /usr/bin/gpg --home /home/allan/devl/pwman/api/data/gpghome --batch  --no-tty -vv --list-packets
[2016-03-20T20:42:54+01:00] [tx56ef0b4eb34e7] Invoking GPG: /usr/bin/gpg --home /home/allan/devl/pwman/api/data/gpghome --batch --passphrase-fd 3 --no-tty --default-key a --decrypt
[2016-03-20T20:43:17+01:00] [tx56ef0b6553bc0] Requested GET on /secret/56ef0b4c4dbc6
[2016-03-20T20:43:17+01:00] [tx56ef0b6553bc0] Invoking GPG: /usr/bin/gpg --home /home/allan/devl/pwman/api/data/gpghome --batch  --no-tty --default-key system --decrypt
[2016-03-20T20:43:17+01:00] [tx56ef0b6553bc0] Invoking GPG: /usr/bin/gpg --home /home/allan/devl/pwman/api/data/gpghome --batch  --no-tty -vv --list-packets
[2016-03-20T20:43:17+01:00] [tx56ef0b6553bc0] Invoking GPG: /usr/bin/gpg --home /home/allan/devl/pwman/api/data/gpghome --batch --passphrase-fd 3 --no-tty --default-key a --decrypt
[2016-03-20T20:44:07+01:00] [tx56ef0b970af21] Requested POST on /secret
[2016-03-20T20:44:07+01:00] [tx56ef0b970af21] Invoking GPG: /usr/bin/gpg --home /home/allan/devl/pwman/api/data/gpghome --batch  --no-tty --default-key system --decrypt
[2016-03-20T20:44:07+01:00] [tx56ef0b970af21] Encrypting secret for 'b' signed by 'a'
[2016-03-20T20:44:07+01:00] [tx56ef0b970af21] Invoking GPG: /usr/bin/gpg --home /home/allan/devl/pwman/api/data/gpghome --batch --passphrase-fd 3 --no-tty --default-key a --encrypt --armor --sign --recipient a --recipient b 
[2016-03-20T20:52:38+01:00] [tx56ef0d96ef819] Requested POST on /authenticate
[2016-03-20T20:52:38+01:00] [tx56ef0d96ef819] Invoking GPG: /usr/bin/gpg --home /home/allan/devl/pwman/api/data/gpghome --batch  --no-tty --list-sigs
[2016-03-20T20:52:38+01:00] [tx56ef0d96ef819] Encrypting secret for 'a' signed by 'a'
[2016-03-20T20:52:38+01:00] [tx56ef0d96ef819] Invoking GPG: /usr/bin/gpg --home /home/allan/devl/pwman/api/data/gpghome --batch --passphrase-fd 3 --no-tty --default-key a --encrypt --armor --sign --recipient a 
[2016-03-20T20:52:39+01:00] [tx56ef0d96ef819] Invoking GPG: /usr/bin/gpg --home /home/allan/devl/pwman/api/data/gpghome --batch  --no-tty --list-sigs
[2016-03-20T20:52:39+01:00] [tx56ef0d96ef819] Encrypting secret for 'system' signed by 'a'
[2016-03-20T20:52:39+01:00] [tx56ef0d96ef819] Invoking GPG: /usr/bin/gpg --home /home/allan/devl/pwman/api/data/gpghome --batch --passphrase-fd 3 --no-tty --default-key a --encrypt  --sign --recipient system 
[2016-03-20T20:52:47+01:00] [tx56ef0d9f0db9c] Requested GET on /secret
[2016-03-20T20:52:47+01:00] [tx56ef0d9f0db9c] Invoking GPG: /usr/bin/gpg --home /home/allan/devl/pwman/api/data/gpghome --batch  --no-tty --default-key system --decrypt
[2016-03-20T20:52:47+01:00] [tx56ef0d9f0db9c] Invoking GPG: /usr/bin/gpg --home /home/allan/devl/pwman/api/data/gpghome --batch  --no-tty -vv --list-packets
[2016-03-20T20:52:47+01:00] [tx56ef0d9f0db9c] Invoking GPG: /usr/bin/gpg --home /home/allan/devl/pwman/api/data/gpghome --batch --passphrase-fd 3 --no-tty --default-key a --decrypt
[2016-03-20T20:52:47+01:00] [tx56ef0d9f0db9c] Invoking GPG: /usr/bin/gpg --home /home/allan/devl/pwman/api/data/gpghome --batch  --no-tty -vv --list-packets
[2016-03-20T20:52:47+01:00] [tx56ef0d9f0db9c] Invoking GPG: /usr/bin/gpg --home /home/allan/devl/pwman/api/data/gpghome --batch --passphrase-fd 3 --no-tty --default-key a --decrypt
[2016-03-20T20:52:47+01:00] [tx56ef0d9f0db9c] Invoking GPG: /usr/bin/gpg --home /home/allan/devl/pwman/api/data/gpghome --batch  --no-tty -vv --list-packets
[2016-03-20T20:52:47+01:00] [tx56ef0d9f0db9c] Invoking GPG: /usr/bin/gpg --home /home/allan/devl/pwman/api/data/gpghome --batch --passphrase-fd 3 --no-tty --default-key a --decrypt
[2016-03-20T20:52:47+01:00] [tx56ef0d9f0db9c] Invoking GPG: /usr/bin/gpg --home /home/allan/devl/pwman/api/data/gpghome --batch  --no-tty -vv --list-packets
[2016-03-20T20:52:47+01:00] [tx56ef0d9f0db9c] Invoking GPG: /usr/bin/gpg --home /home/allan/devl/pwman/api/data/gpghome --batch --passphrase-fd 3 --no-tty --default-key a --decrypt
[2016-03-20T20:52:48+01:00] [tx56ef0da01e7bc] Requested GET on /secret
[2016-03-20T20:52:48+01:00] [tx56ef0da01e7bc] Invoking GPG: /usr/bin/gpg --home /home/allan/devl/pwman/api/data/gpghome --batch  --no-tty --default-key system --decrypt
[2016-03-20T20:52:48+01:00] [tx56ef0da01e7bc] Invoking GPG: /usr/bin/gpg --home /home/allan/devl/pwman/api/data/gpghome --batch  --no-tty -vv --list-packets
[2016-03-20T20:52:48+01:00] [tx56ef0da01e7bc] Invoking GPG: /usr/bin/gpg --home /home/allan/devl/pwman/api/data/gpghome --batch --passphrase-fd 3 --no-tty --default-key a --decrypt
[2016-03-20T20:52:48+01:00] [tx56ef0da01e7bc] Invoking GPG: /usr/bin/gpg --home /home/allan/devl/pwman/api/data/gpghome --batch  --no-tty -vv --list-packets
[2016-03-20T20:52:48+01:00] [tx56ef0da01e7bc] Invoking GPG: /usr/bin/gpg --home /home/allan/devl/pwman/api/data/gpghome --batch --passphrase-fd 3 --no-tty --default-key a --decrypt
[2016-03-20T20:52:48+01:00] [tx56ef0da01e7bc] Invoking GPG: /usr/bin/gpg --home /home/allan/devl/pwman/api/data/gpghome --batch  --no-tty -vv --list-packets
[2016-03-20T20:52:48+01:00] [tx56ef0da01e7bc] Invoking GPG: /usr/bin/gpg --home /home/allan/devl/pwman/api/data/gpghome --batch --passphrase-fd 3 --no-tty --default-key a --decrypt
[2016-03-20T20:52:48+01:00] [tx56ef0da01e7bc] Invoking GPG: /usr/bin/gpg --home /home/allan/devl/pwman/api/data/gpghome --batch  --no-tty -vv --list-packets
[2016-03-20T20:52:48+01:00] [tx56ef0da01e7bc] Invoking GPG: /usr/bin/gpg --home /home/allan/devl/pwman/api/data/gpghome --batch --passphrase-fd 3 --no-tty --default-key a --decrypt
[2016-03-20T20:52:49+01:00] [tx56ef0da152434] Requested GET on /secret
[2016-03-20T20:52:49+01:00] [tx56ef0da152434] Invoking GPG: /usr/bin/gpg --home /home/allan/devl/pwman/api/data/gpghome --batch  --no-tty --default-key system --decrypt
[2016-03-20T20:52:49+01:00] [tx56ef0da152434] Invoking GPG: /usr/bin/gpg --home /home/allan/devl/pwman/api/data/gpghome --batch  --no-tty -vv --list-packets
[2016-03-20T20:52:49+01:00] [tx56ef0da152434] Invoking GPG: /usr/bin/gpg --home /home/allan/devl/pwman/api/data/gpghome --batch --passphrase-fd 3 --no-tty --default-key a --decrypt
[2016-03-20T20:52:49+01:00] [tx56ef0da152434] Invoking GPG: /usr/bin/gpg --home /home/allan/devl/pwman/api/data/gpghome --batch  --no-tty -vv --list-packets
[2016-03-20T20:52:49+01:00] [tx56ef0da152434] Invoking GPG: /usr/bin/gpg --home /home/allan/devl/pwman/api/data/gpghome --batch --passphrase-fd 3 --no-tty --default-key a --decrypt
[2016-03-20T20:52:49+01:00] [tx56ef0da152434] Invoking GPG: /usr/bin/gpg --home /home/allan/devl/pwman/api/data/gpghome --batch  --no-tty -vv --list-packets
[2016-03-20T20:52:49+01:00] [tx56ef0da152434] Invoking GPG: /usr/bin/gpg --home /home/allan/devl/pwman/api/data/gpghome --batch --passphrase-fd 3 --no-tty --default-key a --decrypt
[2016-03-20T20:52:49+01:00] [tx56ef0da152434] Invoking GPG: /usr/bin/gpg --home /home/allan/devl/pwman/api/data/gpghome --batch  --no-tty -vv --list-packets
[2016-03-20T20:52:49+01:00] [tx56ef0da152434] Invoking GPG: /usr/bin/gpg --home /home/allan/devl/pwman/api/data/gpghome --batch --passphrase-fd 3 --no-tty --default-key a --decrypt
[2016-03-20T20:52:50+01:00] [tx56ef0da2bc9e1] Requested GET on /secret
[2016-03-20T20:52:50+01:00] [tx56ef0da2bc9e1] Invoking GPG: /usr/bin/gpg --home /home/allan/devl/pwman/api/data/gpghome --batch  --no-tty --default-key system --decrypt
[2016-03-20T20:52:50+01:00] [tx56ef0da2bc9e1] Invoking GPG: /usr/bin/gpg --home /home/allan/devl/pwman/api/data/gpghome --batch  --no-tty -vv --list-packets
[2016-03-20T20:52:50+01:00] [tx56ef0da2bc9e1] Invoking GPG: /usr/bin/gpg --home /home/allan/devl/pwman/api/data/gpghome --batch --passphrase-fd 3 --no-tty --default-key a --decrypt
[2016-03-20T20:52:50+01:00] [tx56ef0da2bc9e1] Invoking GPG: /usr/bin/gpg --home /home/allan/devl/pwman/api/data/gpghome --batch  --no-tty -vv --list-packets
[2016-03-20T20:52:50+01:00] [tx56ef0da2bc9e1] Invoking GPG: /usr/bin/gpg --home /home/allan/devl/pwman/api/data/gpghome --batch --passphrase-fd 3 --no-tty --default-key a --decrypt
[2016-03-20T20:52:50+01:00] [tx56ef0da2bc9e1] Invoking GPG: /usr/bin/gpg --home /home/allan/devl/pwman/api/data/gpghome --batch  --no-tty -vv --list-packets
[2016-03-20T20:52:50+01:00] [tx56ef0da2bc9e1] Invoking GPG: /usr/bin/gpg --home /home/allan/devl/pwman/api/data/gpghome --batch --passphrase-fd 3 --no-tty --default-key a --decrypt
[2016-03-20T20:52:50+01:00] [tx56ef0da2bc9e1] Invoking GPG: /usr/bin/gpg --home /home/allan/devl/pwman/api/data/gpghome --batch  --no-tty -vv --list-packets
[2016-03-20T20:52:50+01:00] [tx56ef0da2bc9e1] Invoking GPG: /usr/bin/gpg --home /home/allan/devl/pwman/api/data/gpghome --batch --passphrase-fd 3 --no-tty --default-key a --decrypt
[2016-03-20T20:52:52+01:00] [tx56ef0da400486] Requested GET on /secret
[2016-03-20T20:52:52+01:00] [tx56ef0da400486] Invoking GPG: /usr/bin/gpg --home /home/allan/devl/pwman/api/data/gpghome --batch  --no-tty --default-key system --decrypt
[2016-03-20T20:52:52+01:00] [tx56ef0da400486] Invoking GPG: /usr/bin/gpg --home /home/allan/devl/pwman/api/data/gpghome --batch  --no-tty -vv --list-packets
[2016-03-20T20:52:52+01:00] [tx56ef0da400486] Invoking GPG: /usr/bin/gpg --home /home/allan/devl/pwman/api/data/gpghome --batch --passphrase-fd 3 --no-tty --default-key a --decrypt
[2016-03-20T20:52:52+01:00] [tx56ef0da400486] Invoking GPG: /usr/bin/gpg --home /home/allan/devl/pwman/api/data/gpghome --batch  --no-tty -vv --list-packets
[2016-03-20T20:52:52+01:00] [tx56ef0da400486] Invoking GPG: /usr/bin/gpg --home /home/allan/devl/pwman/api/data/gpghome --batch --passphrase-fd 3 --no-tty --default-key a --decrypt
[2016-03-20T20:52:52+01:00] [tx56ef0da400486] Invoking GPG: /usr/bin/gpg --home /home/allan/devl/pwman/api/data/gpghome --batch  --no-tty -vv --list-packets
[2016-03-20T20:52:52+01:00] [tx56ef0da400486] Invoking GPG: /usr/bin/gpg --home /home/allan/devl/pwman/api/data/gpghome --batch --passphrase-fd 3 --no-tty --default-key a --decrypt
[2016-03-20T20:52:52+01:00] [tx56ef0da400486] Invoking GPG: /usr/bin/gpg --home /home/allan/devl/pwman/api/data/gpghome --batch  --no-tty -vv --list-packets
[2016-03-20T20:52:52+01:00] [tx56ef0da400486] Invoking GPG: /usr/bin/gpg --home /home/allan/devl/pwman/api/data/gpghome --batch --passphrase-fd 3 --no-tty --default-key a --decrypt
[2016-03-20T20:52:53+01:00] [tx56ef0da591204] Requested GET on /secret
[2016-03-20T20:52:53+01:00] [tx56ef0da591204] Invoking GPG: /usr/bin/gpg --home /home/allan/devl/pwman/api/data/gpghome --batch  --no-tty --default-key system --decrypt
[2016-03-20T20:52:53+01:00] [tx56ef0da591204] Invoking GPG: /usr/bin/gpg --home /home/allan/devl/pwman/api/data/gpghome --batch  --no-tty -vv --list-packets
[2016-03-20T20:52:53+01:00] [tx56ef0da591204] Invoking GPG: /usr/bin/gpg --home /home/allan/devl/pwman/api/data/gpghome --batch --passphrase-fd 3 --no-tty --default-key a --decrypt
[2016-03-20T20:52:53+01:00] [tx56ef0da591204] Invoking GPG: /usr/bin/gpg --home /home/allan/devl/pwman/api/data/gpghome --batch  --no-tty -vv --list-packets
[2016-03-20T20:52:53+01:00] [tx56ef0da591204] Invoking GPG: /usr/bin/gpg --home /home/allan/devl/pwman/api/data/gpghome --batch --passphrase-fd 3 --no-tty --default-key a --decrypt
[2016-03-20T20:52:53+01:00] [tx56ef0da591204] Invoking GPG: /usr/bin/gpg --home /home/allan/devl/pwman/api/data/gpghome --batch  --no-tty -vv --list-packets
[2016-03-20T20:52:53+01:00] [tx56ef0da591204] Invoking GPG: /usr/bin/gpg --home /home/allan/devl/pwman/api/data/gpghome --batch --passphrase-fd 3 --no-tty --default-key a --decrypt
[2016-03-20T20:52:53+01:00] [tx56ef0da591204] Invoking GPG: /usr/bin/gpg --home /home/allan/devl/pwman/api/data/gpghome --batch  --no-tty -vv --list-packets
[2016-03-20T20:52:53+01:00] [tx56ef0da591204] Invoking GPG: /usr/bin/gpg --home /home/allan/devl/pwman/api/data/gpghome --batch --passphrase-fd 3 --no-tty --default-key a --decrypt
[2016-03-20T20:52:54+01:00] [tx56ef0da6ad0e5] Requested GET on /secret
[2016-03-20T20:52:54+01:00] [tx56ef0da6ad0e5] Invoking GPG: /usr/bin/gpg --home /home/allan/devl/pwman/api/data/gpghome --batch  --no-tty --default-key system --decrypt
[2016-03-20T20:52:54+01:00] [tx56ef0da6ad0e5] Invoking GPG: /usr/bin/gpg --home /home/allan/devl/pwman/api/data/gpghome --batch  --no-tty -vv --list-packets
[2016-03-20T20:52:54+01:00] [tx56ef0da6ad0e5] Invoking GPG: /usr/bin/gpg --home /home/allan/devl/pwman/api/data/gpghome --batch --passphrase-fd 3 --no-tty --default-key a --decrypt
[2016-03-20T20:52:54+01:00] [tx56ef0da6ad0e5] Invoking GPG: /usr/bin/gpg --home /home/allan/devl/pwman/api/data/gpghome --batch  --no-tty -vv --list-packets
[2016-03-20T20:52:54+01:00] [tx56ef0da6ad0e5] Invoking GPG: /usr/bin/gpg --home /home/allan/devl/pwman/api/data/gpghome --batch --passphrase-fd 3 --no-tty --default-key a --decrypt
[2016-03-20T20:52:54+01:00] [tx56ef0da6ad0e5] Invoking GPG: /usr/bin/gpg --home /home/allan/devl/pwman/api/data/gpghome --batch  --no-tty -vv --list-packets
[2016-03-20T20:52:54+01:00] [tx56ef0da6ad0e5] Invoking GPG: /usr/bin/gpg --home /home/allan/devl/pwman/api/data/gpghome --batch --passphrase-fd 3 --no-tty --default-key a --decrypt
[2016-03-20T20:52:54+01:00] [tx56ef0da6ad0e5] Invoking GPG: /usr/bin/gpg --home /home/allan/devl/pwman/api/data/gpghome --batch  --no-tty -vv --list-packets
[2016-03-20T20:52:54+01:00] [tx56ef0da6ad0e5] Invoking GPG: /usr/bin/gpg --home /home/allan/devl/pwman/api/data/gpghome --batch --passphrase-fd 3 --no-tty --default-key a --decrypt
[2016-03-20T20:52:55+01:00] [tx56ef0da7ea076] Requested GET on /secret
[2016-03-20T20:52:55+01:00] [tx56ef0da7ea076] Invoking GPG: /usr/bin/gpg --home /home/allan/devl/pwman/api/data/gpghome --batch  --no-tty --default-key system --decrypt
[2016-03-20T20:52:55+01:00] [tx56ef0da7ea076] Invoking GPG: /usr/bin/gpg --home /home/allan/devl/pwman/api/data/gpghome --batch  --no-tty -vv --list-packets
[2016-03-20T20:52:55+01:00] [tx56ef0da7ea076] Invoking GPG: /usr/bin/gpg --home /home/allan/devl/pwman/api/data/gpghome --batch --passphrase-fd 3 --no-tty --default-key a --decrypt
[2016-03-20T20:52:55+01:00] [tx56ef0da7ea076] Invoking GPG: /usr/bin/gpg --home /home/allan/devl/pwman/api/data/gpghome --batch  --no-tty -vv --list-packets
[2016-03-20T20:52:55+01:00] [tx56ef0da7ea076] Invoking GPG: /usr/bin/gpg --home /home/allan/devl/pwman/api/data/gpghome --batch --passphrase-fd 3 --no-tty --default-key a --decrypt
[2016-03-20T20:52:56+01:00] [tx56ef0da7ea076] Invoking GPG: /usr/bin/gpg --home /home/allan/devl/pwman/api/data/gpghome --batch  --no-tty -vv --list-packets
[2016-03-20T20:52:56+01:00] [tx56ef0da7ea076] Invoking GPG: /usr/bin/gpg --home /home/allan/devl/pwman/api/data/gpghome --batch --passphrase-fd 3 --no-tty --default-key a --decrypt
[2016-03-20T20:52:56+01:00] [tx56ef0da7ea076] Invoking GPG: /usr/bin/gpg --home /home/allan/devl/pwman/api/data/gpghome --batch  --no-tty -vv --list-packets
[2016-03-20T20:52:56+01:00] [tx56ef0da7ea076] Invoking GPG: /usr/bin/gpg --home /home/allan/devl/pwman/api/data/gpghome --batch --passphrase-fd 3 --no-tty --default-key a --decrypt
[2016-03-20T20:52:57+01:00] [tx56ef0da922914] Requested GET on /secret
[2016-03-20T20:52:57+01:00] [tx56ef0da922914] Invoking GPG: /usr/bin/gpg --home /home/allan/devl/pwman/api/data/gpghome --batch  --no-tty --default-key system --decrypt
[2016-03-20T20:52:57+01:00] [tx56ef0da922914] Invoking GPG: /usr/bin/gpg --home /home/allan/devl/pwman/api/data/gpghome --batch  --no-tty -vv --list-packets
[2016-03-20T20:52:57+01:00] [tx56ef0da922914] Invoking GPG: /usr/bin/gpg --home /home/allan/devl/pwman/api/data/gpghome --batch --passphrase-fd 3 --no-tty --default-key a --decrypt
[2016-03-20T20:52:57+01:00] [tx56ef0da922914] Invoking GPG: /usr/bin/gpg --home /home/allan/devl/pwman/api/data/gpghome --batch  --no-tty -vv --list-packets
[2016-03-20T20:52:57+01:00] [tx56ef0da922914] Invoking GPG: /usr/bin/gpg --home /home/allan/devl/pwman/api/data/gpghome --batch --passphrase-fd 3 --no-tty --default-key a --decrypt
[2016-03-20T20:52:57+01:00] [tx56ef0da922914] Invoking GPG: /usr/bin/gpg --home /home/allan/devl/pwman/api/data/gpghome --batch  --no-tty -vv --list-packets
[2016-03-20T20:52:57+01:00] [tx56ef0da922914] Invoking GPG: /usr/bin/gpg --home /home/allan/devl/pwman/api/data/gpghome --batch --passphrase-fd 3 --no-tty --default-key a --decrypt
[2016-03-20T20:52:57+01:00] [tx56ef0da922914] Invoking GPG: /usr/bin/gpg --home /home/allan/devl/pwman/api/data/gpghome --batch  --no-tty -vv --list-packets
[2016-03-20T20:52:57+01:00] [tx56ef0da922914] Invoking GPG: /usr/bin/gpg --home /home/allan/devl/pwman/api/data/gpghome --batch --passphrase-fd 3 --no-tty --default-key a --decrypt
[2016-03-20T20:52:58+01:00] [tx56ef0daa4e822] Requested GET on /secret
[2016-03-20T20:52:58+01:00] [tx56ef0daa4e822] Invoking GPG: /usr/bin/gpg --home /home/allan/devl/pwman/api/data/gpghome --batch  --no-tty --default-key system --decrypt
[2016-03-20T20:52:58+01:00] [tx56ef0daa4e822] Invoking GPG: /usr/bin/gpg --home /home/allan/devl/pwman/api/data/gpghome --batch  --no-tty -vv --list-packets
[2016-03-20T20:52:58+01:00] [tx56ef0daa4e822] Invoking GPG: /usr/bin/gpg --home /home/allan/devl/pwman/api/data/gpghome --batch --passphrase-fd 3 --no-tty --default-key a --decrypt
[2016-03-20T20:52:58+01:00] [tx56ef0daa4e822] Invoking GPG: /usr/bin/gpg --home /home/allan/devl/pwman/api/data/gpghome --batch  --no-tty -vv --list-packets
[2016-03-20T20:52:58+01:00] [tx56ef0daa4e822] Invoking GPG: /usr/bin/gpg --home /home/allan/devl/pwman/api/data/gpghome --batch --passphrase-fd 3 --no-tty --default-key a --decrypt
[2016-03-20T20:52:58+01:00] [tx56ef0daa4e822] Invoking GPG: /usr/bin/gpg --home /home/allan/devl/pwman/api/data/gpghome --batch  --no-tty -vv --list-packets
[2016-03-20T20:52:58+01:00] [tx56ef0daa4e822] Invoking GPG: /usr/bin/gpg --home /home/allan/devl/pwman/api/data/gpghome --batch --passphrase-fd 3 --no-tty --default-key a --decrypt
[2016-03-20T20:52:58+01:00] [tx56ef0daa4e822] Invoking GPG: /usr/bin/gpg --home /home/allan/devl/pwman/api/data/gpghome --batch  --no-tty -vv --list-packets
[2016-03-20T20:52:58+01:00] [tx56ef0daa4e822] Invoking GPG: /usr/bin/gpg --home /home/allan/devl/pwman/api/data/gpghome --batch --passphrase-fd 3 --no-tty --default-key a --decrypt
[2016-03-20T20:52:59+01:00] [tx56ef0dab5965f] Requested GET on /secret
[2016-03-20T20:52:59+01:00] [tx56ef0dab5965f] Invoking GPG: /usr/bin/gpg --home /home/allan/devl/pwman/api/data/gpghome --batch  --no-tty --default-key system --decrypt
[2016-03-20T20:52:59+01:00] [tx56ef0dab5965f] Invoking GPG: /usr/bin/gpg --home /home/allan/devl/pwman/api/data/gpghome --batch  --no-tty -vv --list-packets
[2016-03-20T20:52:59+01:00] [tx56ef0dab5965f] Invoking GPG: /usr/bin/gpg --home /home/allan/devl/pwman/api/data/gpghome --batch --passphrase-fd 3 --no-tty --default-key a --decrypt
[2016-03-20T20:52:59+01:00] [tx56ef0dab5965f] Invoking GPG: /usr/bin/gpg --home /home/allan/devl/pwman/api/data/gpghome --batch  --no-tty -vv --list-packets
[2016-03-20T20:52:59+01:00] [tx56ef0dab5965f] Invoking GPG: /usr/bin/gpg --home /home/allan/devl/pwman/api/data/gpghome --batch --passphrase-fd 3 --no-tty --default-key a --decrypt
[2016-03-20T20:52:59+01:00] [tx56ef0dab5965f] Invoking GPG: /usr/bin/gpg --home /home/allan/devl/pwman/api/data/gpghome --batch  --no-tty -vv --list-packets
[2016-03-20T20:52:59+01:00] [tx56ef0dab5965f] Invoking GPG: /usr/bin/gpg --home /home/allan/devl/pwman/api/data/gpghome --batch --passphrase-fd 3 --no-tty --default-key a --decrypt
[2016-03-20T20:52:59+01:00] [tx56ef0dab5965f] Invoking GPG: /usr/bin/gpg --home /home/allan/devl/pwman/api/data/gpghome --batch  --no-tty -vv --list-packets
[2016-03-20T20:52:59+01:00] [tx56ef0dab5965f] Invoking GPG: /usr/bin/gpg --home /home/allan/devl/pwman/api/data/gpghome --batch --passphrase-fd 3 --no-tty --default-key a --decrypt
[2016-03-20T20:53:00+01:00] [tx56ef0dac6e7c9] Requested GET on /secret
[2016-03-20T20:53:00+01:00] [tx56ef0dac6e7c9] Invoking GPG: /usr/bin/gpg --home /home/allan/devl/pwman/api/data/gpghome --batch  --no-tty --default-key system --decrypt
[2016-03-20T20:53:00+01:00] [tx56ef0dac6e7c9] Invoking GPG: /usr/bin/gpg --home /home/allan/devl/pwman/api/data/gpghome --batch  --no-tty -vv --list-packets
[2016-03-20T20:53:00+01:00] [tx56ef0dac6e7c9] Invoking GPG: /usr/bin/gpg --home /home/allan/devl/pwman/api/data/gpghome --batch --passphrase-fd 3 --no-tty --default-key a --decrypt
[2016-03-20T20:53:00+01:00] [tx56ef0dac6e7c9] Invoking GPG: /usr/bin/gpg --home /home/allan/devl/pwman/api/data/gpghome --batch  --no-tty -vv --list-packets
[2016-03-20T20:53:00+01:00] [tx56ef0dac6e7c9] Invoking GPG: /usr/bin/gpg --home /home/allan/devl/pwman/api/data/gpghome --batch --passphrase-fd 3 --no-tty --default-key a --decrypt
[2016-03-20T20:53:00+01:00] [tx56ef0dac6e7c9] Invoking GPG: /usr/bin/gpg --home /home/allan/devl/pwman/api/data/gpghome --batch  --no-tty -vv --list-packets
[2016-03-20T20:53:00+01:00] [tx56ef0dac6e7c9] Invoking GPG: /usr/bin/gpg --home /home/allan/devl/pwman/api/data/gpghome --batch --passphrase-fd 3 --no-tty --default-key a --decrypt
[2016-03-20T20:53:00+01:00] [tx56ef0dac6e7c9] Invoking GPG: /usr/bin/gpg --home /home/allan/devl/pwman/api/data/gpghome --batch  --no-tty -vv --list-packets
[2016-03-20T20:53:00+01:00] [tx56ef0dac6e7c9] Invoking GPG: /usr/bin/gpg --home /home/allan/devl/pwman/api/data/gpghome --batch --passphrase-fd 3 --no-tty --default-key a --decrypt
[2016-03-20T20:53:01+01:00] [tx56ef0dad598cb] Requested GET on /secret
[2016-03-20T20:53:01+01:00] [tx56ef0dad598cb] Invoking GPG: /usr/bin/gpg --home /home/allan/devl/pwman/api/data/gpghome --batch  --no-tty --default-key system --decrypt
[2016-03-20T20:53:01+01:00] [tx56ef0dad598cb] Invoking GPG: /usr/bin/gpg --home /home/allan/devl/pwman/api/data/gpghome --batch  --no-tty -vv --list-packets
[2016-03-20T20:53:01+01:00] [tx56ef0dad598cb] Invoking GPG: /usr/bin/gpg --home /home/allan/devl/pwman/api/data/gpghome --batch --passphrase-fd 3 --no-tty --default-key a --decrypt
[2016-03-20T20:53:01+01:00] [tx56ef0dad598cb] Invoking GPG: /usr/bin/gpg --home /home/allan/devl/pwman/api/data/gpghome --batch  --no-tty -vv --list-packets
[2016-03-20T20:53:01+01:00] [tx56ef0dad598cb] Invoking GPG: /usr/bin/gpg --home /home/allan/devl/pwman/api/data/gpghome --batch --passphrase-fd 3 --no-tty --default-key a --decrypt
[2016-03-20T20:53:01+01:00] [tx56ef0dad598cb] Invoking GPG: /usr/bin/gpg --home /home/allan/devl/pwman/api/data/gpghome --batch  --no-tty -vv --list-packets
[2016-03-20T20:53:01+01:00] [tx56ef0dad598cb] Invoking GPG: /usr/bin/gpg --home /home/allan/devl/pwman/api/data/gpghome --batch --passphrase-fd 3 --no-tty --default-key a --decrypt
[2016-03-20T20:53:01+01:00] [tx56ef0dad598cb] Invoking GPG: /usr/bin/gpg --home /home/allan/devl/pwman/api/data/gpghome --batch  --no-tty -vv --list-packets
[2016-03-20T20:53:01+01:00] [tx56ef0dad598cb] Invoking GPG: /usr/bin/gpg --home /home/allan/devl/pwman/api/data/gpghome --batch --passphrase-fd 3 --no-tty --default-key a --decrypt
[2016-03-20T20:53:02+01:00] [tx56ef0dae27d75] Requested GET on /secret
[2016-03-20T20:53:02+01:00] [tx56ef0dae27d75] Invoking GPG: /usr/bin/gpg --home /home/allan/devl/pwman/api/data/gpghome --batch  --no-tty --default-key system --decrypt
[2016-03-20T20:53:02+01:00] [tx56ef0dae27d75] Invoking GPG: /usr/bin/gpg --home /home/allan/devl/pwman/api/data/gpghome --batch  --no-tty -vv --list-packets
[2016-03-20T20:53:02+01:00] [tx56ef0dae27d75] Invoking GPG: /usr/bin/gpg --home /home/allan/devl/pwman/api/data/gpghome --batch --passphrase-fd 3 --no-tty --default-key a --decrypt
[2016-03-20T20:53:02+01:00] [tx56ef0dae27d75] Invoking GPG: /usr/bin/gpg --home /home/allan/devl/pwman/api/data/gpghome --batch  --no-tty -vv --list-packets
[2016-03-20T20:53:02+01:00] [tx56ef0dae27d75] Invoking GPG: /usr/bin/gpg --home /home/allan/devl/pwman/api/data/gpghome --batch --passphrase-fd 3 --no-tty --default-key a --decrypt
[2016-03-20T20:53:02+01:00] [tx56ef0dae27d75] Invoking GPG: /usr/bin/gpg --home /home/allan/devl/pwman/api/data/gpghome --batch  --no-tty -vv --list-packets
[2016-03-20T20:53:02+01:00] [tx56ef0dae27d75] Invoking GPG: /usr/bin/gpg --home /home/allan/devl/pwman/api/data/gpghome --batch --passphrase-fd 3 --no-tty --default-key a --decrypt
[2016-03-20T20:53:02+01:00] [tx56ef0dae27d75] Invoking GPG: /usr/bin/gpg --home /home/allan/devl/pwman/api/data/gpghome --batch  --no-tty -vv --list-packets
[2016-03-20T20:53:02+01:00] [tx56ef0dae27d75] Invoking GPG: /usr/bin/gpg --home /home/allan/devl/pwman/api/data/gpghome --batch --passphrase-fd 3 --no-tty --default-key a --decrypt
[2016-03-20T20:53:03+01:00] [tx56ef0daf33a56] Requested GET on /secret
[2016-03-20T20:53:03+01:00] [tx56ef0daf33a56] Invoking GPG: /usr/bin/gpg --home /home/allan/devl/pwman/api/data/gpghome --batch  --no-tty --default-key system --decrypt
[2016-03-20T20:53:03+01:00] [tx56ef0daf33a56] Invoking GPG: /usr/bin/gpg --home /home/allan/devl/pwman/api/data/gpghome --batch  --no-tty -vv --list-packets
[2016-03-20T20:53:03+01:00] [tx56ef0daf33a56] Invoking GPG: /usr/bin/gpg --home /home/allan/devl/pwman/api/data/gpghome --batch --passphrase-fd 3 --no-tty --default-key a --decrypt
[2016-03-20T20:53:03+01:00] [tx56ef0daf33a56] Invoking GPG: /usr/bin/gpg --home /home/allan/devl/pwman/api/data/gpghome --batch  --no-tty -vv --list-packets
[2016-03-20T20:53:03+01:00] [tx56ef0daf33a56] Invoking GPG: /usr/bin/gpg --home /home/allan/devl/pwman/api/data/gpghome --batch --passphrase-fd 3 --no-tty --default-key a --decrypt
[2016-03-20T20:53:03+01:00] [tx56ef0daf33a56] Invoking GPG: /usr/bin/gpg --home /home/allan/devl/pwman/api/data/gpghome --batch  --no-tty -vv --list-packets
[2016-03-20T20:53:03+01:00] [tx56ef0daf33a56] Invoking GPG: /usr/bin/gpg --home /home/allan/devl/pwman/api/data/gpghome --batch --passphrase-fd 3 --no-tty --default-key a --decrypt
[2016-03-20T20:53:03+01:00] [tx56ef0daf33a56] Invoking GPG: /usr/bin/gpg --home /home/allan/devl/pwman/api/data/gpghome --batch  --no-tty -vv --list-packets
[2016-03-20T20:53:03+01:00] [tx56ef0daf33a56] Invoking GPG: /usr/bin/gpg --home /home/allan/devl/pwman/api/data/gpghome --batch --passphrase-fd 3 --no-tty --default-key a --decrypt
[2016-03-20T20:53:04+01:00] [tx56ef0db01c7b5] Requested GET on /secret
[2016-03-20T20:53:04+01:00] [tx56ef0db01c7b5] Invoking GPG: /usr/bin/gpg --home /home/allan/devl/pwman/api/data/gpghome --batch  --no-tty --default-key system --decrypt
[2016-03-20T20:53:04+01:00] [tx56ef0db01c7b5] Invoking GPG: /usr/bin/gpg --home /home/allan/devl/pwman/api/data/gpghome --batch  --no-tty -vv --list-packets
[2016-03-20T20:53:04+01:00] [tx56ef0db01c7b5] Invoking GPG: /usr/bin/gpg --home /home/allan/devl/pwman/api/data/gpghome --batch --passphrase-fd 3 --no-tty --default-key a --decrypt
[2016-03-20T20:53:04+01:00] [tx56ef0db01c7b5] Invoking GPG: /usr/bin/gpg --home /home/allan/devl/pwman/api/data/gpghome --batch  --no-tty -vv --list-packets
[2016-03-20T20:53:04+01:00] [tx56ef0db01c7b5] Invoking GPG: /usr/bin/gpg --home /home/allan/devl/pwman/api/data/gpghome --batch --passphrase-fd 3 --no-tty --default-key a --decrypt
[2016-03-20T20:53:04+01:00] [tx56ef0db01c7b5] Invoking GPG: /usr/bin/gpg --home /home/allan/devl/pwman/api/data/gpghome --batch  --no-tty -vv --list-packets
[2016-03-20T20:53:04+01:00] [tx56ef0db01c7b5] Invoking GPG: /usr/bin/gpg --home /home/allan/devl/pwman/api/data/gpghome --batch --passphrase-fd 3 --no-tty --default-key a --decrypt
[2016-03-20T20:53:04+01:00] [tx56ef0db01c7b5] Invoking GPG: /usr/bin/gpg --home /home/allan/devl/pwman/api/data/gpghome --batch  --no-tty -vv --list-packets
[2016-03-20T20:53:04+01:00] [tx56ef0db01c7b5] Invoking GPG: /usr/bin/gpg --home /home/allan/devl/pwman/api/data/gpghome --batch --passphrase-fd 3 --no-tty --default-key a --decrypt
[2016-03-20T20:53:05+01:00] [tx56ef0db1222d0] Requested GET on /secret
[2016-03-20T20:53:05+01:00] [tx56ef0db1222d0] Invoking GPG: /usr/bin/gpg --home /home/allan/devl/pwman/api/data/gpghome --batch  --no-tty --default-key system --decrypt
[2016-03-20T20:53:05+01:00] [tx56ef0db1222d0] Invoking GPG: /usr/bin/gpg --home /home/allan/devl/pwman/api/data/gpghome --batch  --no-tty -vv --list-packets
[2016-03-20T20:53:05+01:00] [tx56ef0db1222d0] Invoking GPG: /usr/bin/gpg --home /home/allan/devl/pwman/api/data/gpghome --batch --passphrase-fd 3 --no-tty --default-key a --decrypt
[2016-03-20T20:53:05+01:00] [tx56ef0db1222d0] Invoking GPG: /usr/bin/gpg --home /home/allan/devl/pwman/api/data/gpghome --batch  --no-tty -vv --list-packets
[2016-03-20T20:53:05+01:00] [tx56ef0db1222d0] Invoking GPG: /usr/bin/gpg --home /home/allan/devl/pwman/api/data/gpghome --batch --passphrase-fd 3 --no-tty --default-key a --decrypt
[2016-03-20T20:53:05+01:00] [tx56ef0db1222d0] Invoking GPG: /usr/bin/gpg --home /home/allan/devl/pwman/api/data/gpghome --batch  --no-tty -vv --list-packets
[2016-03-20T20:53:05+01:00] [tx56ef0db1222d0] Invoking GPG: /usr/bin/gpg --home /home/allan/devl/pwman/api/data/gpghome --batch --passphrase-fd 3 --no-tty --default-key a --decrypt
[2016-03-20T20:53:05+01:00] [tx56ef0db1222d0] Invoking GPG: /usr/bin/gpg --home /home/allan/devl/pwman/api/data/gpghome --batch  --no-tty -vv --list-packets
[2016-03-20T20:53:05+01:00] [tx56ef0db1222d0] Invoking GPG: /usr/bin/gpg --home /home/allan/devl/pwman/api/data/gpghome --batch --passphrase-fd 3 --no-tty --default-key a --decrypt
[2016-03-20T20:53:05+01:00] [tx56ef0db1e6956] Requested GET on /secret
[2016-03-20T20:53:05+01:00] [tx56ef0db1e6956] Invoking GPG: /usr/bin/gpg --home /home/allan/devl/pwman/api/data/gpghome --batch  --no-tty --default-key system --decrypt
[2016-03-20T20:53:05+01:00] [tx56ef0db1e6956] Invoking GPG: /usr/bin/gpg --home /home/allan/devl/pwman/api/data/gpghome --batch  --no-tty -vv --list-packets
[2016-03-20T20:53:05+01:00] [tx56ef0db1e6956] Invoking GPG: /usr/bin/gpg --home /home/allan/devl/pwman/api/data/gpghome --batch --passphrase-fd 3 --no-tty --default-key a --decrypt
[2016-03-20T20:53:05+01:00] [tx56ef0db1e6956] Invoking GPG: /usr/bin/gpg --home /home/allan/devl/pwman/api/data/gpghome --batch  --no-tty -vv --list-packets
[2016-03-20T20:53:05+01:00] [tx56ef0db1e6956] Invoking GPG: /usr/bin/gpg --home /home/allan/devl/pwman/api/data/gpghome --batch --passphrase-fd 3 --no-tty --default-key a --decrypt
[2016-03-20T20:53:05+01:00] [tx56ef0db1e6956] Invoking GPG: /usr/bin/gpg --home /home/allan/devl/pwman/api/data/gpghome --batch  --no-tty -vv --list-packets
[2016-03-20T20:53:05+01:00] [tx56ef0db1e6956] Invoking GPG: /usr/bin/gpg --home /home/allan/devl/pwman/api/data/gpghome --batch --passphrase-fd 3 --no-tty --default-key a --decrypt
[2016-03-20T20:53:05+01:00] [tx56ef0db1e6956] Invoking GPG: /usr/bin/gpg --home /home/allan/devl/pwman/api/data/gpghome --batch  --no-tty -vv --list-packets
[2016-03-20T20:53:05+01:00] [tx56ef0db1e6956] Invoking GPG: /usr/bin/gpg --home /home/allan/devl/pwman/api/data/gpghome --batch --passphrase-fd 3 --no-tty --default-key a --decrypt
[2016-03-20T20:53:06+01:00] [tx56ef0db2e4460] Requested GET on /secret
[2016-03-20T20:53:06+01:00] [tx56ef0db2e4460] Invoking GPG: /usr/bin/gpg --home /home/allan/devl/pwman/api/data/gpghome --batch  --no-tty --default-key system --decrypt
[2016-03-20T20:53:06+01:00] [tx56ef0db2e4460] Invoking GPG: /usr/bin/gpg --home /home/allan/devl/pwman/api/data/gpghome --batch  --no-tty -vv --list-packets
[2016-03-20T20:53:06+01:00] [tx56ef0db2e4460] Invoking GPG: /usr/bin/gpg --home /home/allan/devl/pwman/api/data/gpghome --batch --passphrase-fd 3 --no-tty --default-key a --decrypt
[2016-03-20T20:53:06+01:00] [tx56ef0db2e4460] Invoking GPG: /usr/bin/gpg --home /home/allan/devl/pwman/api/data/gpghome --batch  --no-tty -vv --list-packets
[2016-03-20T20:53:06+01:00] [tx56ef0db2e4460] Invoking GPG: /usr/bin/gpg --home /home/allan/devl/pwman/api/data/gpghome --batch --passphrase-fd 3 --no-tty --default-key a --decrypt
[2016-03-20T20:53:06+01:00] [tx56ef0db2e4460] Invoking GPG: /usr/bin/gpg --home /home/allan/devl/pwman/api/data/gpghome --batch  --no-tty -vv --list-packets
[2016-03-20T20:53:06+01:00] [tx56ef0db2e4460] Invoking GPG: /usr/bin/gpg --home /home/allan/devl/pwman/api/data/gpghome --batch --passphrase-fd 3 --no-tty --default-key a --decrypt
[2016-03-20T20:53:06+01:00] [tx56ef0db2e4460] Invoking GPG: /usr/bin/gpg --home /home/allan/devl/pwman/api/data/gpghome --batch  --no-tty -vv --list-packets
[2016-03-20T20:53:06+01:00] [tx56ef0db2e4460] Invoking GPG: /usr/bin/gpg --home /home/allan/devl/pwman/api/data/gpghome --batch --passphrase-fd 3 --no-tty --default-key a --decrypt
[2016-03-20T20:53:08+01:00] [tx56ef0db40123e] Requested GET on /secret
[2016-03-20T20:53:08+01:00] [tx56ef0db40123e] Invoking GPG: /usr/bin/gpg --home /home/allan/devl/pwman/api/data/gpghome --batch  --no-tty --default-key system --decrypt
[2016-03-20T20:53:08+01:00] [tx56ef0db40123e] Invoking GPG: /usr/bin/gpg --home /home/allan/devl/pwman/api/data/gpghome --batch  --no-tty -vv --list-packets
[2016-03-20T20:53:08+01:00] [tx56ef0db40123e] Invoking GPG: /usr/bin/gpg --home /home/allan/devl/pwman/api/data/gpghome --batch --passphrase-fd 3 --no-tty --default-key a --decrypt
[2016-03-20T20:53:08+01:00] [tx56ef0db40123e] Invoking GPG: /usr/bin/gpg --home /home/allan/devl/pwman/api/data/gpghome --batch  --no-tty -vv --list-packets
[2016-03-20T20:53:08+01:00] [tx56ef0db40123e] Invoking GPG: /usr/bin/gpg --home /home/allan/devl/pwman/api/data/gpghome --batch --passphrase-fd 3 --no-tty --default-key a --decrypt
[2016-03-20T20:53:08+01:00] [tx56ef0db40123e] Invoking GPG: /usr/bin/gpg --home /home/allan/devl/pwman/api/data/gpghome --batch  --no-tty -vv --list-packets
[2016-03-20T20:53:08+01:00] [tx56ef0db40123e] Invoking GPG: /usr/bin/gpg --home /home/allan/devl/pwman/api/data/gpghome --batch --passphrase-fd 3 --no-tty --default-key a --decrypt
[2016-03-20T20:53:08+01:00] [tx56ef0db40123e] Invoking GPG: /usr/bin/gpg --home /home/allan/devl/pwman/api/data/gpghome --batch  --no-tty -vv --list-packets
[2016-03-20T20:53:08+01:00] [tx56ef0db40123e] Invoking GPG: /usr/bin/gpg --home /home/allan/devl/pwman/api/data/gpghome --batch --passphrase-fd 3 --no-tty --default-key a --decrypt
[2016-03-20T20:53:09+01:00] [tx56ef0db518bea] Requested GET on /secret
[2016-03-20T20:53:09+01:00] [tx56ef0db518bea] Invoking GPG: /usr/bin/gpg --home /home/allan/devl/pwman/api/data/gpghome --batch  --no-tty --default-key system --decrypt
[2016-03-20T20:53:09+01:00] [tx56ef0db518bea] Invoking GPG: /usr/bin/gpg --home /home/allan/devl/pwman/api/data/gpghome --batch  --no-tty -vv --list-packets
[2016-03-20T20:53:09+01:00] [tx56ef0db518bea] Invoking GPG: /usr/bin/gpg --home /home/allan/devl/pwman/api/data/gpghome --batch --passphrase-fd 3 --no-tty --default-key a --decrypt
[2016-03-20T20:53:09+01:00] [tx56ef0db518bea] Invoking GPG: /usr/bin/gpg --home /home/allan/devl/pwman/api/data/gpghome --batch  --no-tty -vv --list-packets
[2016-03-20T20:53:09+01:00] [tx56ef0db518bea] Invoking GPG: /usr/bin/gpg --home /home/allan/devl/pwman/api/data/gpghome --batch --passphrase-fd 3 --no-tty --default-key a --decrypt
[2016-03-20T20:53:09+01:00] [tx56ef0db518bea] Invoking GPG: /usr/bin/gpg --home /home/allan/devl/pwman/api/data/gpghome --batch  --no-tty -vv --list-packets
[2016-03-20T20:53:09+01:00] [tx56ef0db518bea] Invoking GPG: /usr/bin/gpg --home /home/allan/devl/pwman/api/data/gpghome --batch --passphrase-fd 3 --no-tty --default-key a --decrypt
[2016-03-20T20:53:09+01:00] [tx56ef0db518bea] Invoking GPG: /usr/bin/gpg --home /home/allan/devl/pwman/api/data/gpghome --batch  --no-tty -vv --list-packets
[2016-03-20T20:53:09+01:00] [tx56ef0db518bea] Invoking GPG: /usr/bin/gpg --home /home/allan/devl/pwman/api/data/gpghome --batch --passphrase-fd 3 --no-tty --default-key a --decrypt
[2016-03-20T20:53:09+01:00] [tx56ef0db5eddf2] Requested GET on /secret
[2016-03-20T20:53:09+01:00] [tx56ef0db5eddf2] Invoking GPG: /usr/bin/gpg --home /home/allan/devl/pwman/api/data/gpghome --batch  --no-tty --default-key system --decrypt
[2016-03-20T20:53:09+01:00] [tx56ef0db5eddf2] Invoking GPG: /usr/bin/gpg --home /home/allan/devl/pwman/api/data/gpghome --batch  --no-tty -vv --list-packets
[2016-03-20T20:53:09+01:00] [tx56ef0db5eddf2] Invoking GPG: /usr/bin/gpg --home /home/allan/devl/pwman/api/data/gpghome --batch --passphrase-fd 3 --no-tty --default-key a --decrypt
[2016-03-20T20:53:09+01:00] [tx56ef0db5eddf2] Invoking GPG: /usr/bin/gpg --home /home/allan/devl/pwman/api/data/gpghome --batch  --no-tty -vv --list-packets
[2016-03-20T20:53:10+01:00] [tx56ef0db5eddf2] Invoking GPG: /usr/bin/gpg --home /home/allan/devl/pwman/api/data/gpghome --batch --passphrase-fd 3 --no-tty --default-key a --decrypt
[2016-03-20T20:53:10+01:00] [tx56ef0db5eddf2] Invoking GPG: /usr/bin/gpg --home /home/allan/devl/pwman/api/data/gpghome --batch  --no-tty -vv --list-packets
[2016-03-20T20:53:10+01:00] [tx56ef0db5eddf2] Invoking GPG: /usr/bin/gpg --home /home/allan/devl/pwman/api/data/gpghome --batch --passphrase-fd 3 --no-tty --default-key a --decrypt
[2016-03-20T20:53:10+01:00] [tx56ef0db5eddf2] Invoking GPG: /usr/bin/gpg --home /home/allan/devl/pwman/api/data/gpghome --batch  --no-tty -vv --list-packets
[2016-03-20T20:53:10+01:00] [tx56ef0db5eddf2] Invoking GPG: /usr/bin/gpg --home /home/allan/devl/pwman/api/data/gpghome --batch --passphrase-fd 3 --no-tty --default-key a --decrypt
[2016-03-20T20:53:10+01:00] [tx56ef0db69a801] Requested GET on /secret
[2016-03-20T20:53:10+01:00] [tx56ef0db69a801] Invoking GPG: /usr/bin/gpg --home /home/allan/devl/pwman/api/data/gpghome --batch  --no-tty --default-key system --decrypt
[2016-03-20T20:53:10+01:00] [tx56ef0db69a801] Invoking GPG: /usr/bin/gpg --home /home/allan/devl/pwman/api/data/gpghome --batch  --no-tty -vv --list-packets
[2016-03-20T20:53:10+01:00] [tx56ef0db69a801] Invoking GPG: /usr/bin/gpg --home /home/allan/devl/pwman/api/data/gpghome --batch --passphrase-fd 3 --no-tty --default-key a --decrypt
[2016-03-20T20:53:10+01:00] [tx56ef0db69a801] Invoking GPG: /usr/bin/gpg --home /home/allan/devl/pwman/api/data/gpghome --batch  --no-tty -vv --list-packets
[2016-03-20T20:53:10+01:00] [tx56ef0db69a801] Invoking GPG: /usr/bin/gpg --home /home/allan/devl/pwman/api/data/gpghome --batch --passphrase-fd 3 --no-tty --default-key a --decrypt
[2016-03-20T20:53:10+01:00] [tx56ef0db69a801] Invoking GPG: /usr/bin/gpg --home /home/allan/devl/pwman/api/data/gpghome --batch  --no-tty -vv --list-packets
[2016-03-20T20:53:10+01:00] [tx56ef0db69a801] Invoking GPG: /usr/bin/gpg --home /home/allan/devl/pwman/api/data/gpghome --batch --passphrase-fd 3 --no-tty --default-key a --decrypt
[2016-03-20T20:53:10+01:00] [tx56ef0db69a801] Invoking GPG: /usr/bin/gpg --home /home/allan/devl/pwman/api/data/gpghome --batch  --no-tty -vv --list-packets
[2016-03-20T20:53:10+01:00] [tx56ef0db69a801] Invoking GPG: /usr/bin/gpg --home /home/allan/devl/pwman/api/data/gpghome --batch --passphrase-fd 3 --no-tty --default-key a --decrypt
[2016-03-20T20:53:29+01:00] [tx56ef0dc9aaf53] Requested GET on /secret
[2016-03-20T20:53:29+01:00] [tx56ef0dc9aaf53] Invoking GPG: /usr/bin/gpg --home /home/allan/devl/pwman/api/data/gpghome --batch  --no-tty --default-key system --decrypt
[2016-03-20T20:53:30+01:00] [tx56ef0dca754f6] Requested GET on /secret
[2016-03-20T20:53:30+01:00] [tx56ef0dca754f6] Invoking GPG: /usr/bin/gpg --home /home/allan/devl/pwman/api/data/gpghome --batch  --no-tty --default-key system --decrypt
[2016-03-20T20:53:53+01:00] [tx56ef0de1d681e] Requested POST on /authenticate
[2016-03-20T20:53:53+01:00] [tx56ef0de1d681e] Invoking GPG: /usr/bin/gpg --home /home/allan/devl/pwman/api/data/gpghome --batch  --no-tty --list-sigs
[2016-03-20T20:53:53+01:00] [tx56ef0de1d681e] Encrypting secret for 'a' signed by 'a'
[2016-03-20T20:53:53+01:00] [tx56ef0de1d681e] Invoking GPG: /usr/bin/gpg --home /home/allan/devl/pwman/api/data/gpghome --batch --passphrase-fd 3 --no-tty --default-key a --encrypt --armor --sign --recipient a 
[2016-03-20T20:53:53+01:00] [tx56ef0de1d681e] Invoking GPG: /usr/bin/gpg --home /home/allan/devl/pwman/api/data/gpghome --batch  --no-tty --list-sigs
[2016-03-20T20:53:53+01:00] [tx56ef0de1d681e] Encrypting secret for 'system' signed by 'a'
[2016-03-20T20:53:53+01:00] [tx56ef0de1d681e] Invoking GPG: /usr/bin/gpg --home /home/allan/devl/pwman/api/data/gpghome --batch --passphrase-fd 3 --no-tty --default-key a --encrypt  --sign --recipient system 
[2016-03-20T20:54:04+01:00] [tx56ef0deccc62a] Requested GET on /secret
[2016-03-20T20:54:04+01:00] [tx56ef0deccc62a] Invoking GPG: /usr/bin/gpg --home /home/allan/devl/pwman/api/data/gpghome --batch  --no-tty --default-key system --decrypt
[2016-03-20T20:54:05+01:00] [tx56ef0deda2945] Requested GET on /secret
[2016-03-20T20:54:05+01:00] [tx56ef0deda2945] Invoking GPG: /usr/bin/gpg --home /home/allan/devl/pwman/api/data/gpghome --batch  --no-tty --default-key system --decrypt
[2016-03-20T20:54:06+01:00] [tx56ef0dee8d896] Requested GET on /secret
[2016-03-20T20:54:06+01:00] [tx56ef0dee8d896] Invoking GPG: /usr/bin/gpg --home /home/allan/devl/pwman/api/data/gpghome --batch  --no-tty --default-key system --decrypt
[2016-03-20T20:54:17+01:00] [tx56ef0df9300a0] Requested GET on /secret
[2016-03-20T20:54:17+01:00] [tx56ef0df9300a0] Invoking GPG: /usr/bin/gpg --home /home/allan/devl/pwman/api/data/gpghome --batch  --no-tty --default-key system --decrypt
[2016-03-20T20:54:18+01:00] [tx56ef0dfa1ed77] Requested GET on /secret
[2016-03-20T20:54:18+01:00] [tx56ef0dfa1ed77] Invoking GPG: /usr/bin/gpg --home /home/allan/devl/pwman/api/data/gpghome --batch  --no-tty --default-key system --decrypt
[2016-03-20T20:54:24+01:00] [tx56ef0e0036131] Requested POST on /authenticate
[2016-03-20T20:54:24+01:00] [tx56ef0e0036131] Invoking GPG: /usr/bin/gpg --home /home/allan/devl/pwman/api/data/gpghome --batch  --no-tty --list-sigs
[2016-03-20T20:54:24+01:00] [tx56ef0e0036131] Encrypting secret for 'a' signed by 'a'
[2016-03-20T20:54:24+01:00] [tx56ef0e0036131] Invoking GPG: /usr/bin/gpg --home /home/allan/devl/pwman/api/data/gpghome --batch --passphrase-fd 3 --no-tty --default-key a --encrypt --armor --sign --recipient a 
[2016-03-20T20:54:24+01:00] [tx56ef0e0036131] Invoking GPG: /usr/bin/gpg --home /home/allan/devl/pwman/api/data/gpghome --batch  --no-tty --list-sigs
[2016-03-20T20:54:24+01:00] [tx56ef0e0036131] Encrypting secret for 'system' signed by 'a'
[2016-03-20T20:54:24+01:00] [tx56ef0e0036131] Invoking GPG: /usr/bin/gpg --home /home/allan/devl/pwman/api/data/gpghome --batch --passphrase-fd 3 --no-tty --default-key a --encrypt  --sign --recipient system 
[2016-03-20T20:54:33+01:00] [tx56ef0e09c0e80] Requested GET on /secret
[2016-03-20T20:54:33+01:00] [tx56ef0e09c0e80] Invoking GPG: /usr/bin/gpg --home /home/allan/devl/pwman/api/data/gpghome --batch  --no-tty --default-key system --decrypt
[2016-03-20T20:54:33+01:00] [tx56ef0e09c0e80] Invoking GPG: /usr/bin/gpg --home /home/allan/devl/pwman/api/data/gpghome --batch  --no-tty -vv --list-packets
[2016-03-20T20:54:33+01:00] [tx56ef0e09c0e80] Invoking GPG: /usr/bin/gpg --home /home/allan/devl/pwman/api/data/gpghome --batch --passphrase-fd 3 --no-tty --default-key a --decrypt
[2016-03-20T20:54:33+01:00] [tx56ef0e09c0e80] Invoking GPG: /usr/bin/gpg --home /home/allan/devl/pwman/api/data/gpghome --batch  --no-tty -vv --list-packets
[2016-03-20T20:54:33+01:00] [tx56ef0e09c0e80] Invoking GPG: /usr/bin/gpg --home /home/allan/devl/pwman/api/data/gpghome --batch --passphrase-fd 3 --no-tty --default-key a --decrypt
[2016-03-20T20:54:33+01:00] [tx56ef0e09c0e80] Invoking GPG: /usr/bin/gpg --home /home/allan/devl/pwman/api/data/gpghome --batch  --no-tty -vv --list-packets
[2016-03-20T20:54:33+01:00] [tx56ef0e09c0e80] Invoking GPG: /usr/bin/gpg --home /home/allan/devl/pwman/api/data/gpghome --batch --passphrase-fd 3 --no-tty --default-key a --decrypt
[2016-03-20T20:54:33+01:00] [tx56ef0e09c0e80] Invoking GPG: /usr/bin/gpg --home /home/allan/devl/pwman/api/data/gpghome --batch  --no-tty -vv --list-packets
[2016-03-20T20:54:33+01:00] [tx56ef0e09c0e80] Invoking GPG: /usr/bin/gpg --home /home/allan/devl/pwman/api/data/gpghome --batch --passphrase-fd 3 --no-tty --default-key a --decrypt
[2016-03-20T20:54:34+01:00] [tx56ef0e0a5d68f] Requested GET on /secret
[2016-03-20T20:54:34+01:00] [tx56ef0e0a5d68f] Invoking GPG: /usr/bin/gpg --home /home/allan/devl/pwman/api/data/gpghome --batch  --no-tty --default-key system --decrypt
[2016-03-20T20:54:34+01:00] [tx56ef0e0a5d68f] Invoking GPG: /usr/bin/gpg --home /home/allan/devl/pwman/api/data/gpghome --batch  --no-tty -vv --list-packets
[2016-03-20T20:54:34+01:00] [tx56ef0e0a5d68f] Invoking GPG: /usr/bin/gpg --home /home/allan/devl/pwman/api/data/gpghome --batch --passphrase-fd 3 --no-tty --default-key a --decrypt
[2016-03-20T20:54:34+01:00] [tx56ef0e0a5d68f] Invoking GPG: /usr/bin/gpg --home /home/allan/devl/pwman/api/data/gpghome --batch  --no-tty -vv --list-packets
[2016-03-20T20:54:34+01:00] [tx56ef0e0a5d68f] Invoking GPG: /usr/bin/gpg --home /home/allan/devl/pwman/api/data/gpghome --batch --passphrase-fd 3 --no-tty --default-key a --decrypt
[2016-03-20T20:54:34+01:00] [tx56ef0e0a5d68f] Invoking GPG: /usr/bin/gpg --home /home/allan/devl/pwman/api/data/gpghome --batch  --no-tty -vv --list-packets
[2016-03-20T20:54:34+01:00] [tx56ef0e0a5d68f] Invoking GPG: /usr/bin/gpg --home /home/allan/devl/pwman/api/data/gpghome --batch --passphrase-fd 3 --no-tty --default-key a --decrypt
[2016-03-20T20:54:34+01:00] [tx56ef0e0a5d68f] Invoking GPG: /usr/bin/gpg --home /home/allan/devl/pwman/api/data/gpghome --batch  --no-tty -vv --list-packets
[2016-03-20T20:54:34+01:00] [tx56ef0e0a5d68f] Invoking GPG: /usr/bin/gpg --home /home/allan/devl/pwman/api/data/gpghome --batch --passphrase-fd 3 --no-tty --default-key a --decrypt
[2016-03-20T20:54:35+01:00] [tx56ef0e0b05b3b] Requested GET on /secret
[2016-03-20T20:54:35+01:00] [tx56ef0e0b05b3b] Invoking GPG: /usr/bin/gpg --home /home/allan/devl/pwman/api/data/gpghome --batch  --no-tty --default-key system --decrypt
[2016-03-20T20:54:35+01:00] [tx56ef0e0b05b3b] Invoking GPG: /usr/bin/gpg --home /home/allan/devl/pwman/api/data/gpghome --batch  --no-tty -vv --list-packets
[2016-03-20T20:54:35+01:00] [tx56ef0e0b05b3b] Invoking GPG: /usr/bin/gpg --home /home/allan/devl/pwman/api/data/gpghome --batch --passphrase-fd 3 --no-tty --default-key a --decrypt
[2016-03-20T20:54:35+01:00] [tx56ef0e0b05b3b] Invoking GPG: /usr/bin/gpg --home /home/allan/devl/pwman/api/data/gpghome --batch  --no-tty -vv --list-packets
[2016-03-20T20:54:35+01:00] [tx56ef0e0b05b3b] Invoking GPG: /usr/bin/gpg --home /home/allan/devl/pwman/api/data/gpghome --batch --passphrase-fd 3 --no-tty --default-key a --decrypt
[2016-03-20T20:54:35+01:00] [tx56ef0e0b05b3b] Invoking GPG: /usr/bin/gpg --home /home/allan/devl/pwman/api/data/gpghome --batch  --no-tty -vv --list-packets
[2016-03-20T20:54:35+01:00] [tx56ef0e0b05b3b] Invoking GPG: /usr/bin/gpg --home /home/allan/devl/pwman/api/data/gpghome --batch --passphrase-fd 3 --no-tty --default-key a --decrypt
[2016-03-20T20:54:35+01:00] [tx56ef0e0b05b3b] Invoking GPG: /usr/bin/gpg --home /home/allan/devl/pwman/api/data/gpghome --batch  --no-tty -vv --list-packets
[2016-03-20T20:54:35+01:00] [tx56ef0e0b05b3b] Invoking GPG: /usr/bin/gpg --home /home/allan/devl/pwman/api/data/gpghome --batch --passphrase-fd 3 --no-tty --default-key a --decrypt
[2016-03-20T20:54:35+01:00] [tx56ef0e0bb9094] Requested GET on /secret
[2016-03-20T20:54:35+01:00] [tx56ef0e0bb9094] Invoking GPG: /usr/bin/gpg --home /home/allan/devl/pwman/api/data/gpghome --batch  --no-tty --default-key system --decrypt
[2016-03-20T20:54:35+01:00] [tx56ef0e0bb9094] Invoking GPG: /usr/bin/gpg --home /home/allan/devl/pwman/api/data/gpghome --batch  --no-tty -vv --list-packets
[2016-03-20T20:54:35+01:00] [tx56ef0e0bb9094] Invoking GPG: /usr/bin/gpg --home /home/allan/devl/pwman/api/data/gpghome --batch --passphrase-fd 3 --no-tty --default-key a --decrypt
[2016-03-20T20:54:35+01:00] [tx56ef0e0bb9094] Invoking GPG: /usr/bin/gpg --home /home/allan/devl/pwman/api/data/gpghome --batch  --no-tty -vv --list-packets
[2016-03-20T20:54:35+01:00] [tx56ef0e0bb9094] Invoking GPG: /usr/bin/gpg --home /home/allan/devl/pwman/api/data/gpghome --batch --passphrase-fd 3 --no-tty --default-key a --decrypt
[2016-03-20T20:54:35+01:00] [tx56ef0e0bb9094] Invoking GPG: /usr/bin/gpg --home /home/allan/devl/pwman/api/data/gpghome --batch  --no-tty -vv --list-packets
[2016-03-20T20:54:35+01:00] [tx56ef0e0bb9094] Invoking GPG: /usr/bin/gpg --home /home/allan/devl/pwman/api/data/gpghome --batch --passphrase-fd 3 --no-tty --default-key a --decrypt
[2016-03-20T20:54:35+01:00] [tx56ef0e0bb9094] Invoking GPG: /usr/bin/gpg --home /home/allan/devl/pwman/api/data/gpghome --batch  --no-tty -vv --list-packets
[2016-03-20T20:54:35+01:00] [tx56ef0e0bb9094] Invoking GPG: /usr/bin/gpg --home /home/allan/devl/pwman/api/data/gpghome --batch --passphrase-fd 3 --no-tty --default-key a --decrypt
[2016-03-20T20:54:36+01:00] [tx56ef0e0c7617b] Requested GET on /secret
[2016-03-20T20:54:36+01:00] [tx56ef0e0c7617b] Invoking GPG: /usr/bin/gpg --home /home/allan/devl/pwman/api/data/gpghome --batch  --no-tty --default-key system --decrypt
[2016-03-20T20:54:36+01:00] [tx56ef0e0c7617b] Invoking GPG: /usr/bin/gpg --home /home/allan/devl/pwman/api/data/gpghome --batch  --no-tty -vv --list-packets
[2016-03-20T20:54:36+01:00] [tx56ef0e0c7617b] Invoking GPG: /usr/bin/gpg --home /home/allan/devl/pwman/api/data/gpghome --batch --passphrase-fd 3 --no-tty --default-key a --decrypt
[2016-03-20T20:54:36+01:00] [tx56ef0e0c7617b] Invoking GPG: /usr/bin/gpg --home /home/allan/devl/pwman/api/data/gpghome --batch  --no-tty -vv --list-packets
[2016-03-20T20:54:36+01:00] [tx56ef0e0c7617b] Invoking GPG: /usr/bin/gpg --home /home/allan/devl/pwman/api/data/gpghome --batch --passphrase-fd 3 --no-tty --default-key a --decrypt
[2016-03-20T20:54:36+01:00] [tx56ef0e0c7617b] Invoking GPG: /usr/bin/gpg --home /home/allan/devl/pwman/api/data/gpghome --batch  --no-tty -vv --list-packets
[2016-03-20T20:54:36+01:00] [tx56ef0e0c7617b] Invoking GPG: /usr/bin/gpg --home /home/allan/devl/pwman/api/data/gpghome --batch --passphrase-fd 3 --no-tty --default-key a --decrypt
[2016-03-20T20:54:36+01:00] [tx56ef0e0c7617b] Invoking GPG: /usr/bin/gpg --home /home/allan/devl/pwman/api/data/gpghome --batch  --no-tty -vv --list-packets
[2016-03-20T20:54:36+01:00] [tx56ef0e0c7617b] Invoking GPG: /usr/bin/gpg --home /home/allan/devl/pwman/api/data/gpghome --batch --passphrase-fd 3 --no-tty --default-key a --decrypt
[2016-03-20T20:54:37+01:00] [tx56ef0e0d1cbdd] Requested GET on /secret
[2016-03-20T20:54:37+01:00] [tx56ef0e0d1cbdd] Invoking GPG: /usr/bin/gpg --home /home/allan/devl/pwman/api/data/gpghome --batch  --no-tty --default-key system --decrypt
[2016-03-20T20:54:37+01:00] [tx56ef0e0d1cbdd] Invoking GPG: /usr/bin/gpg --home /home/allan/devl/pwman/api/data/gpghome --batch  --no-tty -vv --list-packets
[2016-03-20T20:54:37+01:00] [tx56ef0e0d1cbdd] Invoking GPG: /usr/bin/gpg --home /home/allan/devl/pwman/api/data/gpghome --batch --passphrase-fd 3 --no-tty --default-key a --decrypt
[2016-03-20T20:54:37+01:00] [tx56ef0e0d1cbdd] Invoking GPG: /usr/bin/gpg --home /home/allan/devl/pwman/api/data/gpghome --batch  --no-tty -vv --list-packets
[2016-03-20T20:54:37+01:00] [tx56ef0e0d1cbdd] Invoking GPG: /usr/bin/gpg --home /home/allan/devl/pwman/api/data/gpghome --batch --passphrase-fd 3 --no-tty --default-key a --decrypt
[2016-03-20T20:54:37+01:00] [tx56ef0e0d1cbdd] Invoking GPG: /usr/bin/gpg --home /home/allan/devl/pwman/api/data/gpghome --batch  --no-tty -vv --list-packets
[2016-03-20T20:54:37+01:00] [tx56ef0e0d1cbdd] Invoking GPG: /usr/bin/gpg --home /home/allan/devl/pwman/api/data/gpghome --batch --passphrase-fd 3 --no-tty --default-key a --decrypt
[2016-03-20T20:54:37+01:00] [tx56ef0e0d1cbdd] Invoking GPG: /usr/bin/gpg --home /home/allan/devl/pwman/api/data/gpghome --batch  --no-tty -vv --list-packets
[2016-03-20T20:54:37+01:00] [tx56ef0e0d1cbdd] Invoking GPG: /usr/bin/gpg --home /home/allan/devl/pwman/api/data/gpghome --batch --passphrase-fd 3 --no-tty --default-key a --decrypt
[2016-03-20T20:54:37+01:00] [tx56ef0e0da84e4] Requested GET on /secret
[2016-03-20T20:54:37+01:00] [tx56ef0e0da84e4] Invoking GPG: /usr/bin/gpg --home /home/allan/devl/pwman/api/data/gpghome --batch  --no-tty --default-key system --decrypt
[2016-03-20T20:54:37+01:00] [tx56ef0e0da84e4] Invoking GPG: /usr/bin/gpg --home /home/allan/devl/pwman/api/data/gpghome --batch  --no-tty -vv --list-packets
[2016-03-20T20:54:37+01:00] [tx56ef0e0da84e4] Invoking GPG: /usr/bin/gpg --home /home/allan/devl/pwman/api/data/gpghome --batch --passphrase-fd 3 --no-tty --default-key a --decrypt
[2016-03-20T20:54:37+01:00] [tx56ef0e0da84e4] Invoking GPG: /usr/bin/gpg --home /home/allan/devl/pwman/api/data/gpghome --batch  --no-tty -vv --list-packets
[2016-03-20T20:54:37+01:00] [tx56ef0e0da84e4] Invoking GPG: /usr/bin/gpg --home /home/allan/devl/pwman/api/data/gpghome --batch --passphrase-fd 3 --no-tty --default-key a --decrypt
[2016-03-20T20:54:37+01:00] [tx56ef0e0da84e4] Invoking GPG: /usr/bin/gpg --home /home/allan/devl/pwman/api/data/gpghome --batch  --no-tty -vv --list-packets
[2016-03-20T20:54:37+01:00] [tx56ef0e0da84e4] Invoking GPG: /usr/bin/gpg --home /home/allan/devl/pwman/api/data/gpghome --batch --passphrase-fd 3 --no-tty --default-key a --decrypt
[2016-03-20T20:54:37+01:00] [tx56ef0e0da84e4] Invoking GPG: /usr/bin/gpg --home /home/allan/devl/pwman/api/data/gpghome --batch  --no-tty -vv --list-packets
[2016-03-20T20:54:37+01:00] [tx56ef0e0da84e4] Invoking GPG: /usr/bin/gpg --home /home/allan/devl/pwman/api/data/gpghome --batch --passphrase-fd 3 --no-tty --default-key a --decrypt
[2016-03-20T20:54:38+01:00] [tx56ef0e0e5013c] Requested GET on /secret
[2016-03-20T20:54:38+01:00] [tx56ef0e0e5013c] Invoking GPG: /usr/bin/gpg --home /home/allan/devl/pwman/api/data/gpghome --batch  --no-tty --default-key system --decrypt
[2016-03-20T20:54:38+01:00] [tx56ef0e0e5013c] Invoking GPG: /usr/bin/gpg --home /home/allan/devl/pwman/api/data/gpghome --batch  --no-tty -vv --list-packets
[2016-03-20T20:54:38+01:00] [tx56ef0e0e5013c] Invoking GPG: /usr/bin/gpg --home /home/allan/devl/pwman/api/data/gpghome --batch --passphrase-fd 3 --no-tty --default-key a --decrypt
[2016-03-20T20:54:38+01:00] [tx56ef0e0e5013c] Invoking GPG: /usr/bin/gpg --home /home/allan/devl/pwman/api/data/gpghome --batch  --no-tty -vv --list-packets
[2016-03-20T20:54:38+01:00] [tx56ef0e0e5013c] Invoking GPG: /usr/bin/gpg --home /home/allan/devl/pwman/api/data/gpghome --batch --passphrase-fd 3 --no-tty --default-key a --decrypt
[2016-03-20T20:54:38+01:00] [tx56ef0e0e5013c] Invoking GPG: /usr/bin/gpg --home /home/allan/devl/pwman/api/data/gpghome --batch  --no-tty -vv --list-packets
[2016-03-20T20:54:38+01:00] [tx56ef0e0e5013c] Invoking GPG: /usr/bin/gpg --home /home/allan/devl/pwman/api/data/gpghome --batch --passphrase-fd 3 --no-tty --default-key a --decrypt
[2016-03-20T20:54:38+01:00] [tx56ef0e0e5013c] Invoking GPG: /usr/bin/gpg --home /home/allan/devl/pwman/api/data/gpghome --batch  --no-tty -vv --list-packets
[2016-03-20T20:54:38+01:00] [tx56ef0e0e5013c] Invoking GPG: /usr/bin/gpg --home /home/allan/devl/pwman/api/data/gpghome --batch --passphrase-fd 3 --no-tty --default-key a --decrypt
[2016-03-20T20:54:38+01:00] [tx56ef0e0ed6be2] Requested GET on /secret
[2016-03-20T20:54:38+01:00] [tx56ef0e0ed6be2] Invoking GPG: /usr/bin/gpg --home /home/allan/devl/pwman/api/data/gpghome --batch  --no-tty --default-key system --decrypt
[2016-03-20T20:54:38+01:00] [tx56ef0e0ed6be2] Invoking GPG: /usr/bin/gpg --home /home/allan/devl/pwman/api/data/gpghome --batch  --no-tty -vv --list-packets
[2016-03-20T20:54:38+01:00] [tx56ef0e0ed6be2] Invoking GPG: /usr/bin/gpg --home /home/allan/devl/pwman/api/data/gpghome --batch --passphrase-fd 3 --no-tty --default-key a --decrypt
[2016-03-20T20:54:38+01:00] [tx56ef0e0ed6be2] Invoking GPG: /usr/bin/gpg --home /home/allan/devl/pwman/api/data/gpghome --batch  --no-tty -vv --list-packets
[2016-03-20T20:54:38+01:00] [tx56ef0e0ed6be2] Invoking GPG: /usr/bin/gpg --home /home/allan/devl/pwman/api/data/gpghome --batch --passphrase-fd 3 --no-tty --default-key a --decrypt
[2016-03-20T20:54:38+01:00] [tx56ef0e0ed6be2] Invoking GPG: /usr/bin/gpg --home /home/allan/devl/pwman/api/data/gpghome --batch  --no-tty -vv --list-packets
[2016-03-20T20:54:38+01:00] [tx56ef0e0ed6be2] Invoking GPG: /usr/bin/gpg --home /home/allan/devl/pwman/api/data/gpghome --batch --passphrase-fd 3 --no-tty --default-key a --decrypt
[2016-03-20T20:54:38+01:00] [tx56ef0e0ed6be2] Invoking GPG: /usr/bin/gpg --home /home/allan/devl/pwman/api/data/gpghome --batch  --no-tty -vv --list-packets
[2016-03-20T20:54:38+01:00] [tx56ef0e0ed6be2] Invoking GPG: /usr/bin/gpg --home /home/allan/devl/pwman/api/data/gpghome --batch --passphrase-fd 3 --no-tty --default-key a --decrypt
[2016-03-20T20:54:39+01:00] [tx56ef0e0fad77b] Requested GET on /secret
[2016-03-20T20:54:39+01:00] [tx56ef0e0fad77b] Invoking GPG: /usr/bin/gpg --home /home/allan/devl/pwman/api/data/gpghome --batch  --no-tty --default-key system --decrypt
[2016-03-20T20:54:39+01:00] [tx56ef0e0fad77b] Invoking GPG: /usr/bin/gpg --home /home/allan/devl/pwman/api/data/gpghome --batch  --no-tty -vv --list-packets
[2016-03-20T20:54:39+01:00] [tx56ef0e0fad77b] Invoking GPG: /usr/bin/gpg --home /home/allan/devl/pwman/api/data/gpghome --batch --passphrase-fd 3 --no-tty --default-key a --decrypt
[2016-03-20T20:54:39+01:00] [tx56ef0e0fad77b] Invoking GPG: /usr/bin/gpg --home /home/allan/devl/pwman/api/data/gpghome --batch  --no-tty -vv --list-packets
[2016-03-20T20:54:39+01:00] [tx56ef0e0fad77b] Invoking GPG: /usr/bin/gpg --home /home/allan/devl/pwman/api/data/gpghome --batch --passphrase-fd 3 --no-tty --default-key a --decrypt
[2016-03-20T20:54:39+01:00] [tx56ef0e0fad77b] Invoking GPG: /usr/bin/gpg --home /home/allan/devl/pwman/api/data/gpghome --batch  --no-tty -vv --list-packets
[2016-03-20T20:54:39+01:00] [tx56ef0e0fad77b] Invoking GPG: /usr/bin/gpg --home /home/allan/devl/pwman/api/data/gpghome --batch --passphrase-fd 3 --no-tty --default-key a --decrypt
[2016-03-20T20:54:39+01:00] [tx56ef0e0fad77b] Invoking GPG: /usr/bin/gpg --home /home/allan/devl/pwman/api/data/gpghome --batch  --no-tty -vv --list-packets
[2016-03-20T20:54:39+01:00] [tx56ef0e0fad77b] Invoking GPG: /usr/bin/gpg --home /home/allan/devl/pwman/api/data/gpghome --batch --passphrase-fd 3 --no-tty --default-key a --decrypt
[2016-03-20T20:54:40+01:00] [tx56ef0e1081cc5] Requested GET on /secret
[2016-03-20T20:54:40+01:00] [tx56ef0e1081cc5] Invoking GPG: /usr/bin/gpg --home /home/allan/devl/pwman/api/data/gpghome --batch  --no-tty --default-key system --decrypt
[2016-03-20T20:54:40+01:00] [tx56ef0e1081cc5] Invoking GPG: /usr/bin/gpg --home /home/allan/devl/pwman/api/data/gpghome --batch  --no-tty -vv --list-packets
[2016-03-20T20:54:40+01:00] [tx56ef0e1081cc5] Invoking GPG: /usr/bin/gpg --home /home/allan/devl/pwman/api/data/gpghome --batch --passphrase-fd 3 --no-tty --default-key a --decrypt
[2016-03-20T20:54:40+01:00] [tx56ef0e1081cc5] Invoking GPG: /usr/bin/gpg --home /home/allan/devl/pwman/api/data/gpghome --batch  --no-tty -vv --list-packets
[2016-03-20T20:54:40+01:00] [tx56ef0e1081cc5] Invoking GPG: /usr/bin/gpg --home /home/allan/devl/pwman/api/data/gpghome --batch --passphrase-fd 3 --no-tty --default-key a --decrypt
[2016-03-20T20:54:40+01:00] [tx56ef0e1081cc5] Invoking GPG: /usr/bin/gpg --home /home/allan/devl/pwman/api/data/gpghome --batch  --no-tty -vv --list-packets
[2016-03-20T20:54:40+01:00] [tx56ef0e1081cc5] Invoking GPG: /usr/bin/gpg --home /home/allan/devl/pwman/api/data/gpghome --batch --passphrase-fd 3 --no-tty --default-key a --decrypt
[2016-03-20T20:54:40+01:00] [tx56ef0e1081cc5] Invoking GPG: /usr/bin/gpg --home /home/allan/devl/pwman/api/data/gpghome --batch  --no-tty -vv --list-packets
[2016-03-20T20:54:40+01:00] [tx56ef0e1081cc5] Invoking GPG: /usr/bin/gpg --home /home/allan/devl/pwman/api/data/gpghome --batch --passphrase-fd 3 --no-tty --default-key a --decrypt
[2016-03-20T20:54:41+01:00] [tx56ef0e11501c3] Requested GET on /secret
[2016-03-20T20:54:41+01:00] [tx56ef0e11501c3] Invoking GPG: /usr/bin/gpg --home /home/allan/devl/pwman/api/data/gpghome --batch  --no-tty --default-key system --decrypt
[2016-03-20T20:54:41+01:00] [tx56ef0e11501c3] Invoking GPG: /usr/bin/gpg --home /home/allan/devl/pwman/api/data/gpghome --batch  --no-tty -vv --list-packets
[2016-03-20T20:54:41+01:00] [tx56ef0e11501c3] Invoking GPG: /usr/bin/gpg --home /home/allan/devl/pwman/api/data/gpghome --batch --passphrase-fd 3 --no-tty --default-key a --decrypt
[2016-03-20T20:54:41+01:00] [tx56ef0e11501c3] Invoking GPG: /usr/bin/gpg --home /home/allan/devl/pwman/api/data/gpghome --batch  --no-tty -vv --list-packets
[2016-03-20T20:54:41+01:00] [tx56ef0e11501c3] Invoking GPG: /usr/bin/gpg --home /home/allan/devl/pwman/api/data/gpghome --batch --passphrase-fd 3 --no-tty --default-key a --decrypt
[2016-03-20T20:54:41+01:00] [tx56ef0e11501c3] Invoking GPG: /usr/bin/gpg --home /home/allan/devl/pwman/api/data/gpghome --batch  --no-tty -vv --list-packets
[2016-03-20T20:54:41+01:00] [tx56ef0e11501c3] Invoking GPG: /usr/bin/gpg --home /home/allan/devl/pwman/api/data/gpghome --batch --passphrase-fd 3 --no-tty --default-key a --decrypt
[2016-03-20T20:54:41+01:00] [tx56ef0e11501c3] Invoking GPG: /usr/bin/gpg --home /home/allan/devl/pwman/api/data/gpghome --batch  --no-tty -vv --list-packets
[2016-03-20T20:54:41+01:00] [tx56ef0e11501c3] Invoking GPG: /usr/bin/gpg --home /home/allan/devl/pwman/api/data/gpghome --batch --passphrase-fd 3 --no-tty --default-key a --decrypt
[2016-03-20T20:54:42+01:00] [tx56ef0e12150d7] Requested GET on /secret
[2016-03-20T20:54:42+01:00] [tx56ef0e12150d7] Invoking GPG: /usr/bin/gpg --home /home/allan/devl/pwman/api/data/gpghome --batch  --no-tty --default-key system --decrypt
[2016-03-20T20:54:42+01:00] [tx56ef0e12150d7] Invoking GPG: /usr/bin/gpg --home /home/allan/devl/pwman/api/data/gpghome --batch  --no-tty -vv --list-packets
[2016-03-20T20:54:42+01:00] [tx56ef0e12150d7] Invoking GPG: /usr/bin/gpg --home /home/allan/devl/pwman/api/data/gpghome --batch --passphrase-fd 3 --no-tty --default-key a --decrypt
[2016-03-20T20:54:42+01:00] [tx56ef0e12150d7] Invoking GPG: /usr/bin/gpg --home /home/allan/devl/pwman/api/data/gpghome --batch  --no-tty -vv --list-packets
[2016-03-20T20:54:42+01:00] [tx56ef0e12150d7] Invoking GPG: /usr/bin/gpg --home /home/allan/devl/pwman/api/data/gpghome --batch --passphrase-fd 3 --no-tty --default-key a --decrypt
[2016-03-20T20:54:42+01:00] [tx56ef0e12150d7] Invoking GPG: /usr/bin/gpg --home /home/allan/devl/pwman/api/data/gpghome --batch  --no-tty -vv --list-packets
[2016-03-20T20:54:42+01:00] [tx56ef0e12150d7] Invoking GPG: /usr/bin/gpg --home /home/allan/devl/pwman/api/data/gpghome --batch --passphrase-fd 3 --no-tty --default-key a --decrypt
[2016-03-20T20:54:42+01:00] [tx56ef0e12150d7] Invoking GPG: /usr/bin/gpg --home /home/allan/devl/pwman/api/data/gpghome --batch  --no-tty -vv --list-packets
[2016-03-20T20:54:42+01:00] [tx56ef0e12150d7] Invoking GPG: /usr/bin/gpg --home /home/allan/devl/pwman/api/data/gpghome --batch --passphrase-fd 3 --no-tty --default-key a --decrypt
[2016-03-20T20:54:42+01:00] [tx56ef0e12efc8e] Requested GET on /secret
[2016-03-20T20:54:42+01:00] [tx56ef0e12efc8e] Invoking GPG: /usr/bin/gpg --home /home/allan/devl/pwman/api/data/gpghome --batch  --no-tty --default-key system --decrypt
[2016-03-20T20:54:42+01:00] [tx56ef0e12efc8e] Invoking GPG: /usr/bin/gpg --home /home/allan/devl/pwman/api/data/gpghome --batch  --no-tty -vv --list-packets
[2016-03-20T20:54:42+01:00] [tx56ef0e12efc8e] Invoking GPG: /usr/bin/gpg --home /home/allan/devl/pwman/api/data/gpghome --batch --passphrase-fd 3 --no-tty --default-key a --decrypt
[2016-03-20T20:54:43+01:00] [tx56ef0e12efc8e] Invoking GPG: /usr/bin/gpg --home /home/allan/devl/pwman/api/data/gpghome --batch  --no-tty -vv --list-packets
[2016-03-20T20:54:43+01:00] [tx56ef0e12efc8e] Invoking GPG: /usr/bin/gpg --home /home/allan/devl/pwman/api/data/gpghome --batch --passphrase-fd 3 --no-tty --default-key a --decrypt
[2016-03-20T20:54:43+01:00] [tx56ef0e12efc8e] Invoking GPG: /usr/bin/gpg --home /home/allan/devl/pwman/api/data/gpghome --batch  --no-tty -vv --list-packets
[2016-03-20T20:54:43+01:00] [tx56ef0e12efc8e] Invoking GPG: /usr/bin/gpg --home /home/allan/devl/pwman/api/data/gpghome --batch --passphrase-fd 3 --no-tty --default-key a --decrypt
[2016-03-20T20:54:43+01:00] [tx56ef0e12efc8e] Invoking GPG: /usr/bin/gpg --home /home/allan/devl/pwman/api/data/gpghome --batch  --no-tty -vv --list-packets
[2016-03-20T20:54:43+01:00] [tx56ef0e12efc8e] Invoking GPG: /usr/bin/gpg --home /home/allan/devl/pwman/api/data/gpghome --batch --passphrase-fd 3 --no-tty --default-key a --decrypt
[2016-03-20T20:54:43+01:00] [tx56ef0e13daf19] Requested GET on /secret
[2016-03-20T20:54:43+01:00] [tx56ef0e13daf19] Invoking GPG: /usr/bin/gpg --home /home/allan/devl/pwman/api/data/gpghome --batch  --no-tty --default-key system --decrypt
[2016-03-20T20:54:43+01:00] [tx56ef0e13daf19] Invoking GPG: /usr/bin/gpg --home /home/allan/devl/pwman/api/data/gpghome --batch  --no-tty -vv --list-packets
[2016-03-20T20:54:43+01:00] [tx56ef0e13daf19] Invoking GPG: /usr/bin/gpg --home /home/allan/devl/pwman/api/data/gpghome --batch --passphrase-fd 3 --no-tty --default-key a --decrypt
[2016-03-20T20:54:43+01:00] [tx56ef0e13daf19] Invoking GPG: /usr/bin/gpg --home /home/allan/devl/pwman/api/data/gpghome --batch  --no-tty -vv --list-packets
[2016-03-20T20:54:43+01:00] [tx56ef0e13daf19] Invoking GPG: /usr/bin/gpg --home /home/allan/devl/pwman/api/data/gpghome --batch --passphrase-fd 3 --no-tty --default-key a --decrypt
[2016-03-20T20:54:43+01:00] [tx56ef0e13daf19] Invoking GPG: /usr/bin/gpg --home /home/allan/devl/pwman/api/data/gpghome --batch  --no-tty -vv --list-packets
[2016-03-20T20:54:43+01:00] [tx56ef0e13daf19] Invoking GPG: /usr/bin/gpg --home /home/allan/devl/pwman/api/data/gpghome --batch --passphrase-fd 3 --no-tty --default-key a --decrypt
[2016-03-20T20:54:43+01:00] [tx56ef0e13daf19] Invoking GPG: /usr/bin/gpg --home /home/allan/devl/pwman/api/data/gpghome --batch  --no-tty -vv --list-packets
[2016-03-20T20:54:43+01:00] [tx56ef0e13daf19] Invoking GPG: /usr/bin/gpg --home /home/allan/devl/pwman/api/data/gpghome --batch --passphrase-fd 3 --no-tty --default-key a --decrypt
[2016-03-20T20:54:44+01:00] [tx56ef0e14acc88] Requested GET on /secret
[2016-03-20T20:54:44+01:00] [tx56ef0e14acc88] Invoking GPG: /usr/bin/gpg --home /home/allan/devl/pwman/api/data/gpghome --batch  --no-tty --default-key system --decrypt
[2016-03-20T20:54:44+01:00] [tx56ef0e14acc88] Invoking GPG: /usr/bin/gpg --home /home/allan/devl/pwman/api/data/gpghome --batch  --no-tty -vv --list-packets
[2016-03-20T20:54:44+01:00] [tx56ef0e14acc88] Invoking GPG: /usr/bin/gpg --home /home/allan/devl/pwman/api/data/gpghome --batch --passphrase-fd 3 --no-tty --default-key a --decrypt
[2016-03-20T20:54:44+01:00] [tx56ef0e14acc88] Invoking GPG: /usr/bin/gpg --home /home/allan/devl/pwman/api/data/gpghome --batch  --no-tty -vv --list-packets
[2016-03-20T20:54:44+01:00] [tx56ef0e14acc88] Invoking GPG: /usr/bin/gpg --home /home/allan/devl/pwman/api/data/gpghome --batch --passphrase-fd 3 --no-tty --default-key a --decrypt
[2016-03-20T20:54:44+01:00] [tx56ef0e14acc88] Invoking GPG: /usr/bin/gpg --home /home/allan/devl/pwman/api/data/gpghome --batch  --no-tty -vv --list-packets
[2016-03-20T20:54:44+01:00] [tx56ef0e14acc88] Invoking GPG: /usr/bin/gpg --home /home/allan/devl/pwman/api/data/gpghome --batch --passphrase-fd 3 --no-tty --default-key a --decrypt
[2016-03-20T20:54:44+01:00] [tx56ef0e14acc88] Invoking GPG: /usr/bin/gpg --home /home/allan/devl/pwman/api/data/gpghome --batch  --no-tty -vv --list-packets
[2016-03-20T20:54:44+01:00] [tx56ef0e14acc88] Invoking GPG: /usr/bin/gpg --home /home/allan/devl/pwman/api/data/gpghome --batch --passphrase-fd 3 --no-tty --default-key a --decrypt
[2016-03-20T20:54:45+01:00] [tx56ef0e158dd45] Requested GET on /secret
[2016-03-20T20:54:45+01:00] [tx56ef0e158dd45] Invoking GPG: /usr/bin/gpg --home /home/allan/devl/pwman/api/data/gpghome --batch  --no-tty --default-key system --decrypt
[2016-03-20T20:54:46+01:00] [tx56ef0e1672f1a] Requested GET on /secret
[2016-03-20T20:54:46+01:00] [tx56ef0e1672f1a] Invoking GPG: /usr/bin/gpg --home /home/allan/devl/pwman/api/data/gpghome --batch  --no-tty --default-key system --decrypt
[2016-03-20T20:55:54+01:00] [tx56ef0e5ac31c2] Requested POST on /authenticate
[2016-03-20T20:55:54+01:00] [tx56ef0e5ac31c2] Invoking GPG: /usr/bin/gpg --home /home/allan/devl/pwman/api/data/gpghome --batch  --no-tty --list-sigs
[2016-03-20T20:55:54+01:00] [tx56ef0e5ac31c2] Encrypting secret for 'a' signed by 'a'
[2016-03-20T20:55:54+01:00] [tx56ef0e5ac31c2] Invoking GPG: /usr/bin/gpg --home /home/allan/devl/pwman/api/data/gpghome --batch --passphrase-fd 3 --no-tty --default-key a --encrypt --armor --sign --recipient a 
[2016-03-20T20:55:54+01:00] [tx56ef0e5ac31c2] Invoking GPG: /usr/bin/gpg --home /home/allan/devl/pwman/api/data/gpghome --batch  --no-tty --list-sigs
[2016-03-20T20:55:54+01:00] [tx56ef0e5ac31c2] Encrypting secret for 'system' signed by 'a'
[2016-03-20T20:55:54+01:00] [tx56ef0e5ac31c2] Invoking GPG: /usr/bin/gpg --home /home/allan/devl/pwman/api/data/gpghome --batch --passphrase-fd 3 --no-tty --default-key a --encrypt  --sign --recipient system 
[2016-03-20T20:59:20+01:00] [tx56ef0f28e14be] Requested POST on /authenticate
[2016-03-20T20:59:20+01:00] [tx56ef0f28e14be] Invoking GPG: /usr/bin/gpg --home /home/allan/devl/pwman/api/data/gpghome --batch  --no-tty --list-sigs
[2016-03-20T20:59:20+01:00] [tx56ef0f28e14be] Encrypting secret for 'a' signed by 'a'
[2016-03-20T20:59:20+01:00] [tx56ef0f28e14be] Invoking GPG: /usr/bin/gpg --home /home/allan/devl/pwman/api/data/gpghome --batch --passphrase-fd 3 --no-tty --default-key a --encrypt --armor --sign --recipient a 
[2016-03-20T20:59:20+01:00] [tx56ef0f28e14be] Invoking GPG: /usr/bin/gpg --home /home/allan/devl/pwman/api/data/gpghome --batch  --no-tty --list-sigs
[2016-03-20T20:59:20+01:00] [tx56ef0f28e14be] Encrypting secret for 'system' signed by 'a'
[2016-03-20T20:59:20+01:00] [tx56ef0f28e14be] Invoking GPG: /usr/bin/gpg --home /home/allan/devl/pwman/api/data/gpghome --batch --passphrase-fd 3 --no-tty --default-key a --encrypt  --sign --recipient system 
[2016-03-20T20:59:25+01:00] [tx56ef0f2d6e9e2] Requested GET on /user
[2016-03-20T20:59:25+01:00] [tx56ef0f2d6e9e2] Invoking GPG: /usr/bin/gpg --home /home/allan/devl/pwman/api/data/gpghome --batch  --no-tty --default-key system --decrypt
